<?xml version="1.0" encoding="UTF-8" ?>
<testsuite failures="0" time="1.454" errors="3" skipped="0" tests="9" name="test.site.SiteTest">
  <properties>
[...]
</properties>
  <testcase time="0.189" classname="test.site.SiteTest" name="testDeleteBatch"/>
  <testcase time="0" classname="test.site.SiteTest" name="testGetUserInformationOfOneSite"/>
  <testcase time="0.177" classname="test.site.SiteTest" name="testAdd">
    <error message="
### Error updating database.  Cause: com.mysql.jdbc.exceptions.jdbc4.MySQLIntegrityConstraintViolationException: Duplicate entry &apos;7-1&apos; for key 1
### The error may involve com.ztyj6.fs.dao.SiteMapper.insert-Inline
### The error occurred while setting parameters
### SQL: insert into Site (Id, Name,   Address,   CreateDate, UserId, CreatePurpose,   ProjectName)   values   (?, ?,   ?,   ?,   ?, ?,   ?)
### Cause: com.mysql.jdbc.exceptions.jdbc4.MySQLIntegrityConstraintViolationException: Duplicate entry &apos;7-1&apos; for key 1
; SQL []; Duplicate entry &apos;7-1&apos; for key 1; nested exception is com.mysql.jdbc.exceptions.jdbc4.MySQLIntegrityConstraintViolationException: Duplicate entry &apos;7-1&apos; for key 1" type="org.springframework.dao.DuplicateKeyException">org.springframework.dao.DuplicateKeyException: 
### Error updating database.  Cause: com.mysql.jdbc.exceptions.jdbc4.MySQLIntegrityConstraintViolationException: Duplicate entry &apos;7-1&apos; for key 1
### The error may involve com.ztyj6.fs.dao.SiteMapper.insert-Inline
### The error occurred while setting parameters
### SQL: insert into Site (Id, Name,   Address,   CreateDate, UserId, CreatePurpose,   ProjectName)   values   (?, ?,   ?,   ?,   ?, ?,   ?)
### Cause: com.mysql.jdbc.exceptions.jdbc4.MySQLIntegrityConstraintViolationException: Duplicate entry &apos;7-1&apos; for key 1
; SQL []; Duplicate entry &apos;7-1&apos; for key 1; nested exception is com.mysql.jdbc.exceptions.jdbc4.MySQLIntegrityConstraintViolationException: Duplicate entry &apos;7-1&apos; for key 1
	at org.springframework.jdbc.support.SQLErrorCodeSQLExceptionTranslator.doTranslate(SQLErrorCodeSQLExceptionTranslator.java:239)
	at org.springframework.jdbc.support.AbstractFallbackSQLExceptionTranslator.translate(AbstractFallbackSQLExceptionTranslator.java:73)
	at org.mybatis.spring.MyBatisExceptionTranslator.translateExceptionIfPossible(MyBatisExceptionTranslator.java:73)
	at org.mybatis.spring.SqlSessionTemplate$SqlSessionInterceptor.invoke(SqlSessionTemplate.java:371)
	at com.sun.proxy.$Proxy14.insert(Unknown Source)
	at org.mybatis.spring.SqlSessionTemplate.insert(SqlSessionTemplate.java:240)
	at org.apache.ibatis.binding.MapperMethod.execute(MapperMethod.java:51)
	at org.apache.ibatis.binding.MapperProxy.invoke(MapperProxy.java:52)
	at com.sun.proxy.$Proxy43.insert(Unknown Source)
	at com.ztyj6.fs.service.impl.SiteServiceImpl.save(SiteServiceImpl.java:39)
	at com.ztyj6.fs.service.impl.SiteServiceImpl.save(SiteServiceImpl.java:1)
	at sun.reflect.NativeMethodAccessorImpl.invoke0(Native Method)
	at sun.reflect.NativeMethodAccessorImpl.invoke(NativeMethodAccessorImpl.java:57)
	at sun.reflect.DelegatingMethodAccessorImpl.invoke(DelegatingMethodAccessorImpl.java:43)
	at java.lang.reflect.Method.invoke(Method.java:606)
	at org.springframework.aop.support.AopUtils.invokeJoinpointUsingReflection(AopUtils.java:317)
	at org.springframework.aop.framework.ReflectiveMethodInvocation.invokeJoinpoint(ReflectiveMethodInvocation.java:190)
	at org.springframework.aop.framework.ReflectiveMethodInvocation.proceed(ReflectiveMethodInvocation.java:157)
	at org.springframework.transaction.interceptor.TransactionInterceptor$1.proceedWithInvocation(TransactionInterceptor.java:98)
	at org.springframework.transaction.interceptor.TransactionAspectSupport.invokeWithinTransaction(TransactionAspectSupport.java:262)
	at org.springframework.transaction.interceptor.TransactionInterceptor.invoke(TransactionInterceptor.java:95)
	at org.springframework.aop.framework.ReflectiveMethodInvocation.proceed(ReflectiveMethodInvocation.java:179)
	at org.springframework.aop.interceptor.ExposeInvocationInterceptor.invoke(ExposeInvocationInterceptor.java:92)
	at org.springframework.aop.framework.ReflectiveMethodInvocation.proceed(ReflectiveMethodInvocation.java:179)
	at org.springframework.aop.framework.JdkDynamicAopProxy.invoke(JdkDynamicAopProxy.java:207)
	at com.sun.proxy.$Proxy44.save(Unknown Source)
	at test.site.SiteTest.testAdd(SiteTest.java:42)
	at sun.reflect.NativeMethodAccessorImpl.invoke0(Native Method)
	at sun.reflect.NativeMethodAccessorImpl.invoke(NativeMethodAccessorImpl.java:57)
	at sun.reflect.DelegatingMethodAccessorImpl.invoke(DelegatingMethodAccessorImpl.java:43)
	at java.lang.reflect.Method.invoke(Method.java:606)
	at org.junit.runners.model.FrameworkMethod$1.runReflectiveCall(FrameworkMethod.java:47)
	at org.junit.internal.runners.model.ReflectiveCallable.run(ReflectiveCallable.java:12)
	at org.junit.runners.model.FrameworkMethod.invokeExplosively(FrameworkMethod.java:44)
	at org.junit.internal.runners.statements.InvokeMethod.evaluate(InvokeMethod.java:17)
	at org.springframework.test.context.junit4.statements.RunBeforeTestMethodCallbacks.evaluate(RunBeforeTestMethodCallbacks.java:74)
	at org.springframework.test.context.junit4.statements.RunAfterTestMethodCallbacks.evaluate(RunAfterTestMethodCallbacks.java:83)
	at org.springframework.test.context.junit4.statements.SpringRepeat.evaluate(SpringRepeat.java:72)
	at org.springframework.test.context.junit4.SpringJUnit4ClassRunner.runChild(SpringJUnit4ClassRunner.java:232)
	at org.springframework.test.context.junit4.SpringJUnit4ClassRunner.runChild(SpringJUnit4ClassRunner.java:89)
	at org.junit.runners.ParentRunner$3.run(ParentRunner.java:238)
	at org.junit.runners.ParentRunner$1.schedule(ParentRunner.java:63)
	at org.junit.runners.ParentRunner.runChildren(ParentRunner.java:236)
	at org.junit.runners.ParentRunner.access$000(ParentRunner.java:53)
	at org.junit.runners.ParentRunner$2.evaluate(ParentRunner.java:229)
	at org.springframework.test.context.junit4.statements.RunBeforeTestClassCallbacks.evaluate(RunBeforeTestClassCallbacks.java:61)
	at org.springframework.test.context.junit4.statements.RunAfterTestClassCallbacks.evaluate(RunAfterTestClassCallbacks.java:71)
	at org.junit.runners.ParentRunner.run(ParentRunner.java:309)
	at org.springframework.test.context.junit4.SpringJUnit4ClassRunner.run(SpringJUnit4ClassRunner.java:175)
	at org.apache.maven.surefire.junit4.JUnit4TestSet.execute(JUnit4TestSet.java:53)
	at org.apache.maven.surefire.junit4.JUnit4Provider.executeTestSet(JUnit4Provider.java:123)
	at org.apache.maven.surefire.junit4.JUnit4Provider.invoke(JUnit4Provider.java:104)
	at sun.reflect.NativeMethodAccessorImpl.invoke0(Native Method)
	at sun.reflect.NativeMethodAccessorImpl.invoke(NativeMethodAccessorImpl.java:57)
	at sun.reflect.DelegatingMethodAccessorImpl.invoke(DelegatingMethodAccessorImpl.java:43)
	at java.lang.reflect.Method.invoke(Method.java:606)
	at org.apache.maven.surefire.util.ReflectionUtils.invokeMethodWithArray(ReflectionUtils.java:164)
	at org.apache.maven.surefire.booter.ProviderFactory$ProviderProxy.invoke(ProviderFactory.java:110)
	at org.apache.maven.surefire.booter.SurefireStarter.invokeProvider(SurefireStarter.java:175)
	at org.apache.maven.surefire.booter.SurefireStarter.runSuitesInProcessWhenForked(SurefireStarter.java:107)
	at org.apache.maven.surefire.booter.ForkedBooter.main(ForkedBooter.java:68)
Caused by: com.mysql.jdbc.exceptions.jdbc4.MySQLIntegrityConstraintViolationException: Duplicate entry &apos;7-1&apos; for key 1
	at sun.reflect.NativeConstructorAccessorImpl.newInstance0(Native Method)
	at sun.reflect.NativeConstructorAccessorImpl.newInstance(NativeConstructorAccessorImpl.java:57)
	at sun.reflect.DelegatingConstructorAccessorImpl.newInstance(DelegatingConstructorAccessorImpl.java:45)
	at java.lang.reflect.Constructor.newInstance(Constructor.java:526)
	at com.mysql.jdbc.Util.handleNewInstance(Util.java:411)
	at com.mysql.jdbc.Util.getInstance(Util.java:386)
	at com.mysql.jdbc.SQLError.createSQLException(SQLError.java:1041)
	at com.mysql.jdbc.MysqlIO.checkErrorPacket(MysqlIO.java:4237)
	at com.mysql.jdbc.MysqlIO.checkErrorPacket(MysqlIO.java:4169)
	at com.mysql.jdbc.MysqlIO.sendCommand(MysqlIO.java:2617)
	at com.mysql.jdbc.MysqlIO.sqlQueryDirect(MysqlIO.java:2778)
	at com.mysql.jdbc.ConnectionImpl.execSQL(ConnectionImpl.java:2834)
	at com.mysql.jdbc.PreparedStatement.executeInternal(PreparedStatement.java:2156)
	at com.mysql.jdbc.PreparedStatement.execute(PreparedStatement.java:1379)
	at com.alibaba.druid.filter.FilterChainImpl.preparedStatement_execute(FilterChainImpl.java:2931)
	at com.alibaba.druid.filter.FilterEventAdapter.preparedStatement_execute(FilterEventAdapter.java:440)
	at com.alibaba.druid.filter.FilterChainImpl.preparedStatement_execute(FilterChainImpl.java:2929)
	at com.alibaba.druid.wall.WallFilter.preparedStatement_execute(WallFilter.java:583)
	at com.alibaba.druid.filter.FilterChainImpl.preparedStatement_execute(FilterChainImpl.java:2929)
	at com.alibaba.druid.proxy.jdbc.PreparedStatementProxyImpl.execute(PreparedStatementProxyImpl.java:118)
	at com.alibaba.druid.pool.DruidPooledPreparedStatement.execute(DruidPooledPreparedStatement.java:493)
	at sun.reflect.NativeMethodAccessorImpl.invoke0(Native Method)
	at sun.reflect.NativeMethodAccessorImpl.invoke(NativeMethodAccessorImpl.java:57)
	at sun.reflect.DelegatingMethodAccessorImpl.invoke(DelegatingMethodAccessorImpl.java:43)
	at java.lang.reflect.Method.invoke(Method.java:606)
	at org.apache.ibatis.logging.jdbc.PreparedStatementLogger.invoke(PreparedStatementLogger.java:62)
	at com.sun.proxy.$Proxy24.execute(Unknown Source)
	at org.apache.ibatis.executor.statement.PreparedStatementHandler.update(PreparedStatementHandler.java:44)
	at org.apache.ibatis.executor.statement.RoutingStatementHandler.update(RoutingStatementHandler.java:69)
	at org.apache.ibatis.executor.SimpleExecutor.doUpdate(SimpleExecutor.java:48)
	at org.apache.ibatis.executor.BaseExecutor.update(BaseExecutor.java:105)
	at org.apache.ibatis.executor.CachingExecutor.update(CachingExecutor.java:71)
	at sun.reflect.NativeMethodAccessorImpl.invoke0(Native Method)
	at sun.reflect.NativeMethodAccessorImpl.invoke(NativeMethodAccessorImpl.java:57)
	at sun.reflect.DelegatingMethodAccessorImpl.invoke(DelegatingMethodAccessorImpl.java:43)
	at java.lang.reflect.Method.invoke(Method.java:606)
	at org.apache.ibatis.plugin.Plugin.invoke(Plugin.java:62)
	at com.sun.proxy.$Proxy22.update(Unknown Source)
	at org.apache.ibatis.session.defaults.DefaultSqlSession.update(DefaultSqlSession.java:152)
	at org.apache.ibatis.session.defaults.DefaultSqlSession.insert(DefaultSqlSession.java:141)
	at sun.reflect.NativeMethodAccessorImpl.invoke0(Native Method)
	at sun.reflect.NativeMethodAccessorImpl.invoke(NativeMethodAccessorImpl.java:57)
	at sun.reflect.DelegatingMethodAccessorImpl.invoke(DelegatingMethodAccessorImpl.java:43)
	at java.lang.reflect.Method.invoke(Method.java:606)
	at org.mybatis.spring.SqlSessionTemplate$SqlSessionInterceptor.invoke(SqlSessionTemplate.java:358)
	... 57 more
</error>
    <system-out>2014-08-09 17:35:22 DEBUG org.springframework.test.annotation.ProfileValueUtils  - Retrieved @ProfileValueSourceConfiguration [null] for test class [test.site.SiteTest]
DEBUG [main] - Retrieved @ProfileValueSourceConfiguration [null] for test class [test.site.SiteTest]
2014-08-09 17:35:22 DEBUG org.springframework.test.annotation.ProfileValueUtils  - Retrieved ProfileValueSource type [class org.springframework.test.annotation.SystemProfileValueSource] for class [test.site.SiteTest]
DEBUG [main] - Retrieved ProfileValueSource type [class org.springframework.test.annotation.SystemProfileValueSource] for class [test.site.SiteTest]
2014-08-09 17:35:22 DEBUG org.springframework.test.context.support.DependencyInjectionTestExecutionListener  - Performing dependency injection for test context [[DefaultTestContext@c7519c testClass = SiteTest, testInstance = test.site.SiteTest@175982a, testMethod = [null], testException = [null], mergedContextConfiguration = [MergedContextConfiguration@10183f1 testClass = SiteTest, locations = &apos;{classpath:spring-security.xml, classpath:spring.xml, classpath:spring-ehcache.xml, classpath:spring-mybatis.xml}&apos;, classes = &apos;{}&apos;, contextInitializerClasses = &apos;[]&apos;, activeProfiles = &apos;{}&apos;, contextLoader = &apos;org.springframework.test.context.support.DelegatingSmartContextLoader&apos;, parent = [null]]]].
DEBUG [main] - Performing dependency injection for test context [[DefaultTestContext@c7519c testClass = SiteTest, testInstance = test.site.SiteTest@175982a, testMethod = [null], testException = [null], mergedContextConfiguration = [MergedContextConfiguration@10183f1 testClass = SiteTest, locations = &apos;{classpath:spring-security.xml, classpath:spring.xml, classpath:spring-ehcache.xml, classpath:spring-mybatis.xml}&apos;, classes = &apos;{}&apos;, contextInitializerClasses = &apos;[]&apos;, activeProfiles = &apos;{}&apos;, contextLoader = &apos;org.springframework.test.context.support.DelegatingSmartContextLoader&apos;, parent = [null]]]].
2014-08-09 17:35:22 DEBUG org.springframework.test.context.CacheAwareContextLoaderDelegate  - Retrieved ApplicationContext from cache with key [[MergedContextConfiguration@10183f1 testClass = SiteTest, locations = &apos;{classpath:spring-security.xml, classpath:spring.xml, classpath:spring-ehcache.xml, classpath:spring-mybatis.xml}&apos;, classes = &apos;{}&apos;, contextInitializerClasses = &apos;[]&apos;, activeProfiles = &apos;{}&apos;, contextLoader = &apos;org.springframework.test.context.support.DelegatingSmartContextLoader&apos;, parent = [null]]].
DEBUG [main] - Retrieved ApplicationContext from cache with key [[MergedContextConfiguration@10183f1 testClass = SiteTest, locations = &apos;{classpath:spring-security.xml, classpath:spring.xml, classpath:spring-ehcache.xml, classpath:spring-mybatis.xml}&apos;, classes = &apos;{}&apos;, contextInitializerClasses = &apos;[]&apos;, activeProfiles = &apos;{}&apos;, contextLoader = &apos;org.springframework.test.context.support.DelegatingSmartContextLoader&apos;, parent = [null]]].
2014-08-09 17:35:22 DEBUG org.springframework.beans.factory.annotation.InjectionMetadata  - Processing injected method of bean &apos;test.site.SiteTest&apos;: AutowiredMethodElement for public void test.site.SiteTest.setSiteService(com.ztyj6.fs.service.ISiteService)
DEBUG [main] - Processing injected method of bean &apos;test.site.SiteTest&apos;: AutowiredMethodElement for public void test.site.SiteTest.setSiteService(com.ztyj6.fs.service.ISiteService)
2014-08-09 17:35:22 DEBUG org.springframework.beans.factory.support.DefaultListableBeanFactory  - Returning cached instance of singleton bean &apos;siteService&apos;
DEBUG [main] - Returning cached instance of singleton bean &apos;siteService&apos;
2014-08-09 17:35:22 DEBUG org.springframework.jdbc.datasource.DataSourceTransactionManager  - Creating new transaction with name [com.ztyj6.fs.service.impl.SiteServiceImpl.save]: PROPAGATION_REQUIRED,ISOLATION_DEFAULT
DEBUG [main] - Creating new transaction with name [com.ztyj6.fs.service.impl.SiteServiceImpl.save]: PROPAGATION_REQUIRED,ISOLATION_DEFAULT
2014-08-09 17:35:22 DEBUG org.springframework.jdbc.datasource.DataSourceTransactionManager  - Acquired Connection [com.alibaba.druid.proxy.jdbc.ConnectionProxyImpl@4da4c2] for JDBC transaction
DEBUG [main] - Acquired Connection [com.alibaba.druid.proxy.jdbc.ConnectionProxyImpl@4da4c2] for JDBC transaction
2014-08-09 17:35:22 DEBUG org.springframework.jdbc.datasource.DataSourceTransactionManager  - Switching JDBC Connection [com.alibaba.druid.proxy.jdbc.ConnectionProxyImpl@4da4c2] to manual commit
DEBUG [main] - Switching JDBC Connection [com.alibaba.druid.proxy.jdbc.ConnectionProxyImpl@4da4c2] to manual commit
2014-08-09 17:35:22 DEBUG org.mybatis.spring.SqlSessionUtils  - Creating a new SqlSession
DEBUG [main] - Creating a new SqlSession
2014-08-09 17:35:22 DEBUG org.mybatis.spring.SqlSessionUtils  - Registering transaction synchronization for SqlSession [org.apache.ibatis.session.defaults.DefaultSqlSession@14d33af]
DEBUG [main] - Registering transaction synchronization for SqlSession [org.apache.ibatis.session.defaults.DefaultSqlSession@14d33af]
2014-08-09 17:35:22 DEBUG org.mybatis.spring.transaction.SpringManagedTransaction  - JDBC Connection [com.alibaba.druid.proxy.jdbc.ConnectionProxyImpl@4da4c2] will be managed by Spring
DEBUG [main] - JDBC Connection [com.alibaba.druid.proxy.jdbc.ConnectionProxyImpl@4da4c2] will be managed by Spring
2014-08-09 17:35:22 DEBUG com.ztyj6.fs.dao.SiteMapper.insert  - ==&gt;  Preparing: insert into Site (Id, Name, Address, CreateDate, UserId, CreatePurpose, ProjectName) values (?, ?, ?, ?, ?, ?, ?) 
DEBUG [main] - ==&gt;  Preparing: insert into Site (Id, Name, Address, CreateDate, UserId, CreatePurpose, ProjectName) values (?, ?, ?, ?, ?, ?, ?) 
2014-08-09 17:35:22 DEBUG com.ztyj6.fs.dao.SiteMapper.insert  - ==&gt; Parameters: 7(Integer), 44(String), 44(String), 2014-08-09 17:35:22.888(Timestamp), 1(Integer), 44(String), 44(String)
DEBUG [main] - ==&gt; Parameters: 7(Integer), 44(String), 44(String), 2014-08-09 17:35:22.888(Timestamp), 1(Integer), 44(String), 44(String)
2014-08-09 17:35:22 DEBUG com.alibaba.druid.pool.PreparedStatementPool  - {conn-10001, pstmt-20013} enter cache
DEBUG [main] - {conn-10001, pstmt-20013} enter cache
2014-08-09 17:35:22 DEBUG org.mybatis.spring.SqlSessionUtils  - Releasing transactional SqlSession [org.apache.ibatis.session.defaults.DefaultSqlSession@14d33af]
DEBUG [main] - Releasing transactional SqlSession [org.apache.ibatis.session.defaults.DefaultSqlSession@14d33af]
2014-08-09 17:35:22 DEBUG org.springframework.jdbc.support.SQLErrorCodesFactory  - Looking up default SQLErrorCodes for DataSource [{
	CreateTime:&quot;2014-08-09 17:35:17&quot;,
	ActiveCount:1,
	PoolingCount:0,
	CreateCount:0,
	DestroyCount:0,
	CloseCount:15,
	ConnectCount:16,
	Connections:[
	]
}

[
]]
DEBUG [main] - Looking up default SQLErrorCodes for DataSource [{
	CreateTime:&quot;2014-08-09 17:35:17&quot;,
	ActiveCount:1,
	PoolingCount:0,
	CreateCount:0,
	DestroyCount:0,
	CloseCount:15,
	ConnectCount:16,
	Connections:[
	]
}

[
]]
2014-08-09 17:35:22 DEBUG org.springframework.jdbc.support.SQLErrorCodesFactory  - SQLErrorCodes found in cache for DataSource [com.alibaba.druid.pool.DruidDataSource@629814]
DEBUG [main] - SQLErrorCodes found in cache for DataSource [com.alibaba.druid.pool.DruidDataSource@629814]
2014-08-09 17:35:22 DEBUG org.springframework.jdbc.support.SQLErrorCodeSQLExceptionTranslator  - Translating SQLException with SQL state &apos;23000&apos;, error code &apos;1062&apos;, message [Duplicate entry &apos;7-1&apos; for key 1]; SQL was [] for task [
### Error updating database.  Cause: com.mysql.jdbc.exceptions.jdbc4.MySQLIntegrityConstraintViolationException: Duplicate entry &apos;7-1&apos; for key 1
### The error may involve com.ztyj6.fs.dao.SiteMapper.insert-Inline
### The error occurred while setting parameters
### SQL: insert into Site (Id, Name,   Address,   CreateDate, UserId, CreatePurpose,   ProjectName)   values   (?, ?,   ?,   ?,   ?, ?,   ?)
### Cause: com.mysql.jdbc.exceptions.jdbc4.MySQLIntegrityConstraintViolationException: Duplicate entry &apos;7-1&apos; for key 1
]
DEBUG [main] - Translating SQLException with SQL state &apos;23000&apos;, error code &apos;1062&apos;, message [Duplicate entry &apos;7-1&apos; for key 1]; SQL was [] for task [
### Error updating database.  Cause: com.mysql.jdbc.exceptions.jdbc4.MySQLIntegrityConstraintViolationException: Duplicate entry &apos;7-1&apos; for key 1
### The error may involve com.ztyj6.fs.dao.SiteMapper.insert-Inline
### The error occurred while setting parameters
### SQL: insert into Site (Id, Name,   Address,   CreateDate, UserId, CreatePurpose,   ProjectName)   values   (?, ?,   ?,   ?,   ?, ?,   ?)
### Cause: com.mysql.jdbc.exceptions.jdbc4.MySQLIntegrityConstraintViolationException: Duplicate entry &apos;7-1&apos; for key 1
]
2014-08-09 17:35:22 DEBUG org.mybatis.spring.SqlSessionUtils  - Transaction synchronization deregistering SqlSession [org.apache.ibatis.session.defaults.DefaultSqlSession@14d33af]
DEBUG [main] - Transaction synchronization deregistering SqlSession [org.apache.ibatis.session.defaults.DefaultSqlSession@14d33af]
2014-08-09 17:35:22 DEBUG org.mybatis.spring.SqlSessionUtils  - Transaction synchronization closing SqlSession [org.apache.ibatis.session.defaults.DefaultSqlSession@14d33af]
DEBUG [main] - Transaction synchronization closing SqlSession [org.apache.ibatis.session.defaults.DefaultSqlSession@14d33af]
2014-08-09 17:35:22 DEBUG org.springframework.jdbc.datasource.DataSourceTransactionManager  - Initiating transaction rollback
DEBUG [main] - Initiating transaction rollback
2014-08-09 17:35:22 DEBUG org.springframework.jdbc.datasource.DataSourceTransactionManager  - Rolling back JDBC transaction on Connection [com.alibaba.druid.proxy.jdbc.ConnectionProxyImpl@4da4c2]
DEBUG [main] - Rolling back JDBC transaction on Connection [com.alibaba.druid.proxy.jdbc.ConnectionProxyImpl@4da4c2]
2014-08-09 17:35:23 DEBUG org.springframework.jdbc.datasource.DataSourceTransactionManager  - Releasing JDBC Connection [com.alibaba.druid.proxy.jdbc.ConnectionProxyImpl@4da4c2] after transaction
DEBUG [main] - Releasing JDBC Connection [com.alibaba.druid.proxy.jdbc.ConnectionProxyImpl@4da4c2] after transaction
2014-08-09 17:35:23 DEBUG org.springframework.jdbc.datasource.DataSourceUtils  - Returning JDBC Connection to DataSource
DEBUG [main] - Returning JDBC Connection to DataSource
2014-08-09 17:35:23 DEBUG org.springframework.test.context.support.DirtiesContextTestExecutionListener  - After test method: context [DefaultTestContext@c7519c testClass = SiteTest, testInstance = test.site.SiteTest@175982a, testMethod = testAdd@SiteTest, testException = org.springframework.dao.DuplicateKeyException: 
### Error updating database.  Cause: com.mysql.jdbc.exceptions.jdbc4.MySQLIntegrityConstraintViolationException: Duplicate entry &apos;7-1&apos; for key 1
### The error may involve com.ztyj6.fs.dao.SiteMapper.insert-Inline
### The error occurred while setting parameters
### SQL: insert into Site (Id, Name,   Address,   CreateDate, UserId, CreatePurpose,   ProjectName)   values   (?, ?,   ?,   ?,   ?, ?,   ?)
### Cause: com.mysql.jdbc.exceptions.jdbc4.MySQLIntegrityConstraintViolationException: Duplicate entry &apos;7-1&apos; for key 1
; SQL []; Duplicate entry &apos;7-1&apos; for key 1; nested exception is com.mysql.jdbc.exceptions.jdbc4.MySQLIntegrityConstraintViolationException: Duplicate entry &apos;7-1&apos; for key 1, mergedContextConfiguration = [MergedContextConfiguration@10183f1 testClass = SiteTest, locations = &apos;{classpath:spring-security.xml, classpath:spring.xml, classpath:spring-ehcache.xml, classpath:spring-mybatis.xml}&apos;, classes = &apos;{}&apos;, contextInitializerClasses = &apos;[]&apos;, activeProfiles = &apos;{}&apos;, contextLoader = &apos;org.springframework.test.context.support.DelegatingSmartContextLoader&apos;, parent = [null]]], class dirties context [false], class mode [null], method dirties context [false].
DEBUG [main] - After test method: context [DefaultTestContext@c7519c testClass = SiteTest, testInstance = test.site.SiteTest@175982a, testMethod = testAdd@SiteTest, testException = org.springframework.dao.DuplicateKeyException: 
### Error updating database.  Cause: com.mysql.jdbc.exceptions.jdbc4.MySQLIntegrityConstraintViolationException: Duplicate entry &apos;7-1&apos; for key 1
### The error may involve com.ztyj6.fs.dao.SiteMapper.insert-Inline
### The error occurred while setting parameters
### SQL: insert into Site (Id, Name,   Address,   CreateDate, UserId, CreatePurpose,   ProjectName)   values   (?, ?,   ?,   ?,   ?, ?,   ?)
### Cause: com.mysql.jdbc.exceptions.jdbc4.MySQLIntegrityConstraintViolationException: Duplicate entry &apos;7-1&apos; for key 1
; SQL []; Duplicate entry &apos;7-1&apos; for key 1; nested exception is com.mysql.jdbc.exceptions.jdbc4.MySQLIntegrityConstraintViolationException: Duplicate entry &apos;7-1&apos; for key 1, mergedContextConfiguration = [MergedContextConfiguration@10183f1 testClass = SiteTest, locations = &apos;{classpath:spring-security.xml, classpath:spring.xml, classpath:spring-ehcache.xml, classpath:spring-mybatis.xml}&apos;, classes = &apos;{}&apos;, contextInitializerClasses = &apos;[]&apos;, activeProfiles = &apos;{}&apos;, contextLoader = &apos;org.springframework.test.context.support.DelegatingSmartContextLoader&apos;, parent = [null]]], class dirties context [false], class mode [null], method dirties context [false].
</system-out>
  </testcase>
  <testcase time="0.174" classname="test.site.SiteTest" name="testIsExistSite"/>
  <testcase time="0.185" classname="test.site.SiteTest" name="testsaveUserSite">
    <error message="
### Error updating database.  Cause: com.mysql.jdbc.exceptions.jdbc4.MySQLIntegrityConstraintViolationException: Cannot add or update a child row: a foreign key constraint fails (`sq_ztyjsystem/R_Site_User`, CONSTRAINT `fk_Site_has_User_Site` FOREIGN KEY (`SiteId`) REFERENCES `Site` (`Id`) ON DELETE CASCADE ON UPDATE NO ACTION)
### The error may involve defaultParameterMap
### The error occurred while setting parameters
### SQL: insert into R_Site_User (SiteId, UserId,   PostId)   values (   ?,   ?,   ?   )
### Cause: com.mysql.jdbc.exceptions.jdbc4.MySQLIntegrityConstraintViolationException: Cannot add or update a child row: a foreign key constraint fails (`sq_ztyjsystem/R_Site_User`, CONSTRAINT `fk_Site_has_User_Site` FOREIGN KEY (`SiteId`) REFERENCES `Site` (`Id`) ON DELETE CASCADE ON UPDATE NO ACTION)
; SQL []; Cannot add or update a child row: a foreign key constraint fails (`sq_ztyjsystem/R_Site_User`, CONSTRAINT `fk_Site_has_User_Site` FOREIGN KEY (`SiteId`) REFERENCES `Site` (`Id`) ON DELETE CASCADE ON UPDATE NO ACTION); nested exception is com.mysql.jdbc.exceptions.jdbc4.MySQLIntegrityConstraintViolationException: Cannot add or update a child row: a foreign key constraint fails (`sq_ztyjsystem/R_Site_User`, CONSTRAINT `fk_Site_has_User_Site` FOREIGN KEY (`SiteId`) REFERENCES `Site` (`Id`) ON DELETE CASCADE ON UPDATE NO ACTION)" type="org.springframework.dao.DataIntegrityViolationException">org.springframework.dao.DataIntegrityViolationException: 
### Error updating database.  Cause: com.mysql.jdbc.exceptions.jdbc4.MySQLIntegrityConstraintViolationException: Cannot add or update a child row: a foreign key constraint fails (`sq_ztyjsystem/R_Site_User`, CONSTRAINT `fk_Site_has_User_Site` FOREIGN KEY (`SiteId`) REFERENCES `Site` (`Id`) ON DELETE CASCADE ON UPDATE NO ACTION)
### The error may involve defaultParameterMap
### The error occurred while setting parameters
### SQL: insert into R_Site_User (SiteId, UserId,   PostId)   values (   ?,   ?,   ?   )
### Cause: com.mysql.jdbc.exceptions.jdbc4.MySQLIntegrityConstraintViolationException: Cannot add or update a child row: a foreign key constraint fails (`sq_ztyjsystem/R_Site_User`, CONSTRAINT `fk_Site_has_User_Site` FOREIGN KEY (`SiteId`) REFERENCES `Site` (`Id`) ON DELETE CASCADE ON UPDATE NO ACTION)
; SQL []; Cannot add or update a child row: a foreign key constraint fails (`sq_ztyjsystem/R_Site_User`, CONSTRAINT `fk_Site_has_User_Site` FOREIGN KEY (`SiteId`) REFERENCES `Site` (`Id`) ON DELETE CASCADE ON UPDATE NO ACTION); nested exception is com.mysql.jdbc.exceptions.jdbc4.MySQLIntegrityConstraintViolationException: Cannot add or update a child row: a foreign key constraint fails (`sq_ztyjsystem/R_Site_User`, CONSTRAINT `fk_Site_has_User_Site` FOREIGN KEY (`SiteId`) REFERENCES `Site` (`Id`) ON DELETE CASCADE ON UPDATE NO ACTION)
	at org.springframework.jdbc.support.SQLErrorCodeSQLExceptionTranslator.doTranslate(SQLErrorCodeSQLExceptionTranslator.java:243)
	at org.springframework.jdbc.support.AbstractFallbackSQLExceptionTranslator.translate(AbstractFallbackSQLExceptionTranslator.java:73)
	at org.mybatis.spring.MyBatisExceptionTranslator.translateExceptionIfPossible(MyBatisExceptionTranslator.java:73)
	at org.mybatis.spring.SqlSessionTemplate$SqlSessionInterceptor.invoke(SqlSessionTemplate.java:371)
	at com.sun.proxy.$Proxy14.insert(Unknown Source)
	at org.mybatis.spring.SqlSessionTemplate.insert(SqlSessionTemplate.java:240)
	at org.apache.ibatis.binding.MapperMethod.execute(MapperMethod.java:51)
	at org.apache.ibatis.binding.MapperProxy.invoke(MapperProxy.java:52)
	at com.sun.proxy.$Proxy43.insertUserSite(Unknown Source)
	at com.ztyj6.fs.service.impl.SiteServiceImpl.saveUserSite(SiteServiceImpl.java:80)
	at sun.reflect.NativeMethodAccessorImpl.invoke0(Native Method)
	at sun.reflect.NativeMethodAccessorImpl.invoke(NativeMethodAccessorImpl.java:57)
	at sun.reflect.DelegatingMethodAccessorImpl.invoke(DelegatingMethodAccessorImpl.java:43)
	at java.lang.reflect.Method.invoke(Method.java:606)
	at org.springframework.aop.support.AopUtils.invokeJoinpointUsingReflection(AopUtils.java:317)
	at org.springframework.aop.framework.ReflectiveMethodInvocation.invokeJoinpoint(ReflectiveMethodInvocation.java:190)
	at org.springframework.aop.framework.ReflectiveMethodInvocation.proceed(ReflectiveMethodInvocation.java:157)
	at org.springframework.transaction.interceptor.TransactionInterceptor$1.proceedWithInvocation(TransactionInterceptor.java:98)
	at org.springframework.transaction.interceptor.TransactionAspectSupport.invokeWithinTransaction(TransactionAspectSupport.java:262)
	at org.springframework.transaction.interceptor.TransactionInterceptor.invoke(TransactionInterceptor.java:95)
	at org.springframework.aop.framework.ReflectiveMethodInvocation.proceed(ReflectiveMethodInvocation.java:179)
	at org.springframework.aop.interceptor.ExposeInvocationInterceptor.invoke(ExposeInvocationInterceptor.java:92)
	at org.springframework.aop.framework.ReflectiveMethodInvocation.proceed(ReflectiveMethodInvocation.java:179)
	at org.springframework.aop.framework.JdkDynamicAopProxy.invoke(JdkDynamicAopProxy.java:207)
	at com.sun.proxy.$Proxy44.saveUserSite(Unknown Source)
	at test.site.SiteTest.testsaveUserSite(SiteTest.java:117)
	at sun.reflect.NativeMethodAccessorImpl.invoke0(Native Method)
	at sun.reflect.NativeMethodAccessorImpl.invoke(NativeMethodAccessorImpl.java:57)
	at sun.reflect.DelegatingMethodAccessorImpl.invoke(DelegatingMethodAccessorImpl.java:43)
	at java.lang.reflect.Method.invoke(Method.java:606)
	at org.junit.runners.model.FrameworkMethod$1.runReflectiveCall(FrameworkMethod.java:47)
	at org.junit.internal.runners.model.ReflectiveCallable.run(ReflectiveCallable.java:12)
	at org.junit.runners.model.FrameworkMethod.invokeExplosively(FrameworkMethod.java:44)
	at org.junit.internal.runners.statements.InvokeMethod.evaluate(InvokeMethod.java:17)
	at org.springframework.test.context.junit4.statements.RunBeforeTestMethodCallbacks.evaluate(RunBeforeTestMethodCallbacks.java:74)
	at org.springframework.test.context.junit4.statements.RunAfterTestMethodCallbacks.evaluate(RunAfterTestMethodCallbacks.java:83)
	at org.springframework.test.context.junit4.statements.SpringRepeat.evaluate(SpringRepeat.java:72)
	at org.springframework.test.context.junit4.SpringJUnit4ClassRunner.runChild(SpringJUnit4ClassRunner.java:232)
	at org.springframework.test.context.junit4.SpringJUnit4ClassRunner.runChild(SpringJUnit4ClassRunner.java:89)
	at org.junit.runners.ParentRunner$3.run(ParentRunner.java:238)
	at org.junit.runners.ParentRunner$1.schedule(ParentRunner.java:63)
	at org.junit.runners.ParentRunner.runChildren(ParentRunner.java:236)
	at org.junit.runners.ParentRunner.access$000(ParentRunner.java:53)
	at org.junit.runners.ParentRunner$2.evaluate(ParentRunner.java:229)
	at org.springframework.test.context.junit4.statements.RunBeforeTestClassCallbacks.evaluate(RunBeforeTestClassCallbacks.java:61)
	at org.springframework.test.context.junit4.statements.RunAfterTestClassCallbacks.evaluate(RunAfterTestClassCallbacks.java:71)
	at org.junit.runners.ParentRunner.run(ParentRunner.java:309)
	at org.springframework.test.context.junit4.SpringJUnit4ClassRunner.run(SpringJUnit4ClassRunner.java:175)
	at org.apache.maven.surefire.junit4.JUnit4TestSet.execute(JUnit4TestSet.java:53)
	at org.apache.maven.surefire.junit4.JUnit4Provider.executeTestSet(JUnit4Provider.java:123)
	at org.apache.maven.surefire.junit4.JUnit4Provider.invoke(JUnit4Provider.java:104)
	at sun.reflect.NativeMethodAccessorImpl.invoke0(Native Method)
	at sun.reflect.NativeMethodAccessorImpl.invoke(NativeMethodAccessorImpl.java:57)
	at sun.reflect.DelegatingMethodAccessorImpl.invoke(DelegatingMethodAccessorImpl.java:43)
	at java.lang.reflect.Method.invoke(Method.java:606)
	at org.apache.maven.surefire.util.ReflectionUtils.invokeMethodWithArray(ReflectionUtils.java:164)
	at org.apache.maven.surefire.booter.ProviderFactory$ProviderProxy.invoke(ProviderFactory.java:110)
	at org.apache.maven.surefire.booter.SurefireStarter.invokeProvider(SurefireStarter.java:175)
	at org.apache.maven.surefire.booter.SurefireStarter.runSuitesInProcessWhenForked(SurefireStarter.java:107)
	at org.apache.maven.surefire.booter.ForkedBooter.main(ForkedBooter.java:68)
Caused by: com.mysql.jdbc.exceptions.jdbc4.MySQLIntegrityConstraintViolationException: Cannot add or update a child row: a foreign key constraint fails (`sq_ztyjsystem/R_Site_User`, CONSTRAINT `fk_Site_has_User_Site` FOREIGN KEY (`SiteId`) REFERENCES `Site` (`Id`) ON DELETE CASCADE ON UPDATE NO ACTION)
	at sun.reflect.NativeConstructorAccessorImpl.newInstance0(Native Method)
	at sun.reflect.NativeConstructorAccessorImpl.newInstance(NativeConstructorAccessorImpl.java:57)
	at sun.reflect.DelegatingConstructorAccessorImpl.newInstance(DelegatingConstructorAccessorImpl.java:45)
	at java.lang.reflect.Constructor.newInstance(Constructor.java:526)
	at com.mysql.jdbc.Util.handleNewInstance(Util.java:411)
	at com.mysql.jdbc.Util.getInstance(Util.java:386)
	at com.mysql.jdbc.SQLError.createSQLException(SQLError.java:1041)
	at com.mysql.jdbc.MysqlIO.checkErrorPacket(MysqlIO.java:4237)
	at com.mysql.jdbc.MysqlIO.checkErrorPacket(MysqlIO.java:4169)
	at com.mysql.jdbc.MysqlIO.sendCommand(MysqlIO.java:2617)
	at com.mysql.jdbc.MysqlIO.sqlQueryDirect(MysqlIO.java:2778)
	at com.mysql.jdbc.ConnectionImpl.execSQL(ConnectionImpl.java:2834)
	at com.mysql.jdbc.PreparedStatement.executeInternal(PreparedStatement.java:2156)
	at com.mysql.jdbc.PreparedStatement.execute(PreparedStatement.java:1379)
	at com.alibaba.druid.filter.FilterChainImpl.preparedStatement_execute(FilterChainImpl.java:2931)
	at com.alibaba.druid.filter.FilterEventAdapter.preparedStatement_execute(FilterEventAdapter.java:440)
	at com.alibaba.druid.filter.FilterChainImpl.preparedStatement_execute(FilterChainImpl.java:2929)
	at com.alibaba.druid.wall.WallFilter.preparedStatement_execute(WallFilter.java:583)
	at com.alibaba.druid.filter.FilterChainImpl.preparedStatement_execute(FilterChainImpl.java:2929)
	at com.alibaba.druid.proxy.jdbc.PreparedStatementProxyImpl.execute(PreparedStatementProxyImpl.java:118)
	at com.alibaba.druid.pool.DruidPooledPreparedStatement.execute(DruidPooledPreparedStatement.java:493)
	at sun.reflect.GeneratedMethodAccessor26.invoke(Unknown Source)
	at sun.reflect.DelegatingMethodAccessorImpl.invoke(DelegatingMethodAccessorImpl.java:43)
	at java.lang.reflect.Method.invoke(Method.java:606)
	at org.apache.ibatis.logging.jdbc.PreparedStatementLogger.invoke(PreparedStatementLogger.java:62)
	at com.sun.proxy.$Proxy24.execute(Unknown Source)
	at org.apache.ibatis.executor.statement.PreparedStatementHandler.update(PreparedStatementHandler.java:44)
	at org.apache.ibatis.executor.statement.RoutingStatementHandler.update(RoutingStatementHandler.java:69)
	at org.apache.ibatis.executor.SimpleExecutor.doUpdate(SimpleExecutor.java:48)
	at org.apache.ibatis.executor.BaseExecutor.update(BaseExecutor.java:105)
	at org.apache.ibatis.executor.CachingExecutor.update(CachingExecutor.java:71)
	at sun.reflect.NativeMethodAccessorImpl.invoke0(Native Method)
	at sun.reflect.NativeMethodAccessorImpl.invoke(NativeMethodAccessorImpl.java:57)
	at sun.reflect.DelegatingMethodAccessorImpl.invoke(DelegatingMethodAccessorImpl.java:43)
	at java.lang.reflect.Method.invoke(Method.java:606)
	at org.apache.ibatis.plugin.Plugin.invoke(Plugin.java:62)
	at com.sun.proxy.$Proxy22.update(Unknown Source)
	at org.apache.ibatis.session.defaults.DefaultSqlSession.update(DefaultSqlSession.java:152)
	at org.apache.ibatis.session.defaults.DefaultSqlSession.insert(DefaultSqlSession.java:141)
	at sun.reflect.NativeMethodAccessorImpl.invoke0(Native Method)
	at sun.reflect.NativeMethodAccessorImpl.invoke(NativeMethodAccessorImpl.java:57)
	at sun.reflect.DelegatingMethodAccessorImpl.invoke(DelegatingMethodAccessorImpl.java:43)
	at java.lang.reflect.Method.invoke(Method.java:606)
	at org.mybatis.spring.SqlSessionTemplate$SqlSessionInterceptor.invoke(SqlSessionTemplate.java:358)
	... 56 more
</error>
    <system-out>2014-08-09 17:35:23 DEBUG org.springframework.test.annotation.ProfileValueUtils  - Retrieved @ProfileValueSourceConfiguration [null] for test class [test.site.SiteTest]
DEBUG [main] - Retrieved @ProfileValueSourceConfiguration [null] for test class [test.site.SiteTest]
2014-08-09 17:35:23 DEBUG org.springframework.test.annotation.ProfileValueUtils  - Retrieved ProfileValueSource type [class org.springframework.test.annotation.SystemProfileValueSource] for class [test.site.SiteTest]
DEBUG [main] - Retrieved ProfileValueSource type [class org.springframework.test.annotation.SystemProfileValueSource] for class [test.site.SiteTest]
2014-08-09 17:35:23 DEBUG org.springframework.test.context.support.DependencyInjectionTestExecutionListener  - Performing dependency injection for test context [[DefaultTestContext@c7519c testClass = SiteTest, testInstance = test.site.SiteTest@1fa02d, testMethod = [null], testException = [null], mergedContextConfiguration = [MergedContextConfiguration@10183f1 testClass = SiteTest, locations = &apos;{classpath:spring-security.xml, classpath:spring.xml, classpath:spring-ehcache.xml, classpath:spring-mybatis.xml}&apos;, classes = &apos;{}&apos;, contextInitializerClasses = &apos;[]&apos;, activeProfiles = &apos;{}&apos;, contextLoader = &apos;org.springframework.test.context.support.DelegatingSmartContextLoader&apos;, parent = [null]]]].
DEBUG [main] - Performing dependency injection for test context [[DefaultTestContext@c7519c testClass = SiteTest, testInstance = test.site.SiteTest@1fa02d, testMethod = [null], testException = [null], mergedContextConfiguration = [MergedContextConfiguration@10183f1 testClass = SiteTest, locations = &apos;{classpath:spring-security.xml, classpath:spring.xml, classpath:spring-ehcache.xml, classpath:spring-mybatis.xml}&apos;, classes = &apos;{}&apos;, contextInitializerClasses = &apos;[]&apos;, activeProfiles = &apos;{}&apos;, contextLoader = &apos;org.springframework.test.context.support.DelegatingSmartContextLoader&apos;, parent = [null]]]].
2014-08-09 17:35:23 DEBUG org.springframework.test.context.CacheAwareContextLoaderDelegate  - Retrieved ApplicationContext from cache with key [[MergedContextConfiguration@10183f1 testClass = SiteTest, locations = &apos;{classpath:spring-security.xml, classpath:spring.xml, classpath:spring-ehcache.xml, classpath:spring-mybatis.xml}&apos;, classes = &apos;{}&apos;, contextInitializerClasses = &apos;[]&apos;, activeProfiles = &apos;{}&apos;, contextLoader = &apos;org.springframework.test.context.support.DelegatingSmartContextLoader&apos;, parent = [null]]].
DEBUG [main] - Retrieved ApplicationContext from cache with key [[MergedContextConfiguration@10183f1 testClass = SiteTest, locations = &apos;{classpath:spring-security.xml, classpath:spring.xml, classpath:spring-ehcache.xml, classpath:spring-mybatis.xml}&apos;, classes = &apos;{}&apos;, contextInitializerClasses = &apos;[]&apos;, activeProfiles = &apos;{}&apos;, contextLoader = &apos;org.springframework.test.context.support.DelegatingSmartContextLoader&apos;, parent = [null]]].
2014-08-09 17:35:23 DEBUG org.springframework.beans.factory.annotation.InjectionMetadata  - Processing injected method of bean &apos;test.site.SiteTest&apos;: AutowiredMethodElement for public void test.site.SiteTest.setSiteService(com.ztyj6.fs.service.ISiteService)
DEBUG [main] - Processing injected method of bean &apos;test.site.SiteTest&apos;: AutowiredMethodElement for public void test.site.SiteTest.setSiteService(com.ztyj6.fs.service.ISiteService)
2014-08-09 17:35:23 DEBUG org.springframework.beans.factory.support.DefaultListableBeanFactory  - Returning cached instance of singleton bean &apos;siteService&apos;
DEBUG [main] - Returning cached instance of singleton bean &apos;siteService&apos;

2014-08-09 17:35:23 DEBUG org.springframework.jdbc.datasource.DataSourceTransactionManager  - Creating new transaction with name [com.ztyj6.fs.service.impl.SiteServiceImpl.saveUserSite]: PROPAGATION_REQUIRED,ISOLATION_DEFAULT
DEBUG [main] - Creating new transaction with name [com.ztyj6.fs.service.impl.SiteServiceImpl.saveUserSite]: PROPAGATION_REQUIRED,ISOLATION_DEFAULT
2014-08-09 17:35:23 DEBUG org.springframework.jdbc.datasource.DataSourceTransactionManager  - Acquired Connection [com.alibaba.druid.proxy.jdbc.ConnectionProxyImpl@4da4c2] for JDBC transaction
DEBUG [main] - Acquired Connection [com.alibaba.druid.proxy.jdbc.ConnectionProxyImpl@4da4c2] for JDBC transaction
2014-08-09 17:35:23 DEBUG org.springframework.jdbc.datasource.DataSourceTransactionManager  - Switching JDBC Connection [com.alibaba.druid.proxy.jdbc.ConnectionProxyImpl@4da4c2] to manual commit
DEBUG [main] - Switching JDBC Connection [com.alibaba.druid.proxy.jdbc.ConnectionProxyImpl@4da4c2] to manual commit
2014-08-09 17:35:23 DEBUG org.mybatis.spring.SqlSessionUtils  - Creating a new SqlSession
DEBUG [main] - Creating a new SqlSession
2014-08-09 17:35:23 DEBUG org.mybatis.spring.SqlSessionUtils  - Registering transaction synchronization for SqlSession [org.apache.ibatis.session.defaults.DefaultSqlSession@1392847]
DEBUG [main] - Registering transaction synchronization for SqlSession [org.apache.ibatis.session.defaults.DefaultSqlSession@1392847]
2014-08-09 17:35:23 DEBUG org.mybatis.spring.transaction.SpringManagedTransaction  - JDBC Connection [com.alibaba.druid.proxy.jdbc.ConnectionProxyImpl@4da4c2] will be managed by Spring
DEBUG [main] - JDBC Connection [com.alibaba.druid.proxy.jdbc.ConnectionProxyImpl@4da4c2] will be managed by Spring
2014-08-09 17:35:23 DEBUG com.ztyj6.fs.dao.SiteMapper.insertUserSite  - ==&gt;  Preparing: insert into R_Site_User (SiteId, UserId, PostId) values ( ?, ?, ? ) 
DEBUG [main] - ==&gt;  Preparing: insert into R_Site_User (SiteId, UserId, PostId) values ( ?, ?, ? ) 
2014-08-09 17:35:23 DEBUG com.ztyj6.fs.dao.SiteMapper.insertUserSite  - ==&gt; Parameters: 1(Integer), 2(Integer), 1(Integer)
DEBUG [main] - ==&gt; Parameters: 1(Integer), 2(Integer), 1(Integer)
2014-08-09 17:35:23 DEBUG com.alibaba.druid.pool.PreparedStatementPool  - {conn-10001, pstmt-20015} enter cache
DEBUG [main] - {conn-10001, pstmt-20015} enter cache
2014-08-09 17:35:23 DEBUG org.mybatis.spring.SqlSessionUtils  - Releasing transactional SqlSession [org.apache.ibatis.session.defaults.DefaultSqlSession@1392847]
DEBUG [main] - Releasing transactional SqlSession [org.apache.ibatis.session.defaults.DefaultSqlSession@1392847]
2014-08-09 17:35:23 DEBUG org.springframework.jdbc.support.SQLErrorCodeSQLExceptionTranslator  - Translating SQLException with SQL state &apos;23000&apos;, error code &apos;1452&apos;, message [Cannot add or update a child row: a foreign key constraint fails (`sq_ztyjsystem/R_Site_User`, CONSTRAINT `fk_Site_has_User_Site` FOREIGN KEY (`SiteId`) REFERENCES `Site` (`Id`) ON DELETE CASCADE ON UPDATE NO ACTION)]; SQL was [] for task [
### Error updating database.  Cause: com.mysql.jdbc.exceptions.jdbc4.MySQLIntegrityConstraintViolationException: Cannot add or update a child row: a foreign key constraint fails (`sq_ztyjsystem/R_Site_User`, CONSTRAINT `fk_Site_has_User_Site` FOREIGN KEY (`SiteId`) REFERENCES `Site` (`Id`) ON DELETE CASCADE ON UPDATE NO ACTION)
### The error may involve defaultParameterMap
### The error occurred while setting parameters
### SQL: insert into R_Site_User (SiteId, UserId,   PostId)   values (   ?,   ?,   ?   )
### Cause: com.mysql.jdbc.exceptions.jdbc4.MySQLIntegrityConstraintViolationException: Cannot add or update a child row: a foreign key constraint fails (`sq_ztyjsystem/R_Site_User`, CONSTRAINT `fk_Site_has_User_Site` FOREIGN KEY (`SiteId`) REFERENCES `Site` (`Id`) ON DELETE CASCADE ON UPDATE NO ACTION)
]
DEBUG [main] - Translating SQLException with SQL state &apos;23000&apos;, error code &apos;1452&apos;, message [Cannot add or update a child row: a foreign key constraint fails (`sq_ztyjsystem/R_Site_User`, CONSTRAINT `fk_Site_has_User_Site` FOREIGN KEY (`SiteId`) REFERENCES `Site` (`Id`) ON DELETE CASCADE ON UPDATE NO ACTION)]; SQL was [] for task [
### Error updating database.  Cause: com.mysql.jdbc.exceptions.jdbc4.MySQLIntegrityConstraintViolationException: Cannot add or update a child row: a foreign key constraint fails (`sq_ztyjsystem/R_Site_User`, CONSTRAINT `fk_Site_has_User_Site` FOREIGN KEY (`SiteId`) REFERENCES `Site` (`Id`) ON DELETE CASCADE ON UPDATE NO ACTION)
### The error may involve defaultParameterMap
### The error occurred while setting parameters
### SQL: insert into R_Site_User (SiteId, UserId,   PostId)   values (   ?,   ?,   ?   )
### Cause: com.mysql.jdbc.exceptions.jdbc4.MySQLIntegrityConstraintViolationException: Cannot add or update a child row: a foreign key constraint fails (`sq_ztyjsystem/R_Site_User`, CONSTRAINT `fk_Site_has_User_Site` FOREIGN KEY (`SiteId`) REFERENCES `Site` (`Id`) ON DELETE CASCADE ON UPDATE NO ACTION)
]
2014-08-09 17:35:23 DEBUG org.mybatis.spring.SqlSessionUtils  - Transaction synchronization deregistering SqlSession [org.apache.ibatis.session.defaults.DefaultSqlSession@1392847]
DEBUG [main] - Transaction synchronization deregistering SqlSession [org.apache.ibatis.session.defaults.DefaultSqlSession@1392847]
2014-08-09 17:35:23 DEBUG org.mybatis.spring.SqlSessionUtils  - Transaction synchronization closing SqlSession [org.apache.ibatis.session.defaults.DefaultSqlSession@1392847]
DEBUG [main] - Transaction synchronization closing SqlSession [org.apache.ibatis.session.defaults.DefaultSqlSession@1392847]
2014-08-09 17:35:23 DEBUG org.springframework.jdbc.datasource.DataSourceTransactionManager  - Initiating transaction rollback
DEBUG [main] - Initiating transaction rollback
2014-08-09 17:35:23 DEBUG org.springframework.jdbc.datasource.DataSourceTransactionManager  - Rolling back JDBC transaction on Connection [com.alibaba.druid.proxy.jdbc.ConnectionProxyImpl@4da4c2]
DEBUG [main] - Rolling back JDBC transaction on Connection [com.alibaba.druid.proxy.jdbc.ConnectionProxyImpl@4da4c2]
2014-08-09 17:35:23 DEBUG org.springframework.jdbc.datasource.DataSourceTransactionManager  - Releasing JDBC Connection [com.alibaba.druid.proxy.jdbc.ConnectionProxyImpl@4da4c2] after transaction
DEBUG [main] - Releasing JDBC Connection [com.alibaba.druid.proxy.jdbc.ConnectionProxyImpl@4da4c2] after transaction
2014-08-09 17:35:23 DEBUG org.springframework.jdbc.datasource.DataSourceUtils  - Returning JDBC Connection to DataSource
DEBUG [main] - Returning JDBC Connection to DataSource
2014-08-09 17:35:23 DEBUG org.springframework.test.context.support.DirtiesContextTestExecutionListener  - After test method: context [DefaultTestContext@c7519c testClass = SiteTest, testInstance = test.site.SiteTest@1fa02d, testMethod = testsaveUserSite@SiteTest, testException = org.springframework.dao.DataIntegrityViolationException: 
### Error updating database.  Cause: com.mysql.jdbc.exceptions.jdbc4.MySQLIntegrityConstraintViolationException: Cannot add or update a child row: a foreign key constraint fails (`sq_ztyjsystem/R_Site_User`, CONSTRAINT `fk_Site_has_User_Site` FOREIGN KEY (`SiteId`) REFERENCES `Site` (`Id`) ON DELETE CASCADE ON UPDATE NO ACTION)
### The error may involve defaultParameterMap
### The error occurred while setting parameters
### SQL: insert into R_Site_User (SiteId, UserId,   PostId)   values (   ?,   ?,   ?   )
### Cause: com.mysql.jdbc.exceptions.jdbc4.MySQLIntegrityConstraintViolationException: Cannot add or update a child row: a foreign key constraint fails (`sq_ztyjsystem/R_Site_User`, CONSTRAINT `fk_Site_has_User_Site` FOREIGN KEY (`SiteId`) REFERENCES `Site` (`Id`) ON DELETE CASCADE ON UPDATE NO ACTION)
; SQL []; Cannot add or update a child row: a foreign key constraint fails (`sq_ztyjsystem/R_Site_User`, CONSTRAINT `fk_Site_has_User_Site` FOREIGN KEY (`SiteId`) REFERENCES `Site` (`Id`) ON DELETE CASCADE ON UPDATE NO ACTION); nested exception is com.mysql.jdbc.exceptions.jdbc4.MySQLIntegrityConstraintViolationException: Cannot add or update a child row: a foreign key constraint fails (`sq_ztyjsystem/R_Site_User`, CONSTRAINT `fk_Site_has_User_Site` FOREIGN KEY (`SiteId`) REFERENCES `Site` (`Id`) ON DELETE CASCADE ON UPDATE NO ACTION), mergedContextConfiguration = [MergedContextConfiguration@10183f1 testClass = SiteTest, locations = &apos;{classpath:spring-security.xml, classpath:spring.xml, classpath:spring-ehcache.xml, classpath:spring-mybatis.xml}&apos;, classes = &apos;{}&apos;, contextInitializerClasses = &apos;[]&apos;, activeProfiles = &apos;{}&apos;, contextLoader = &apos;org.springframework.test.context.support.DelegatingSmartContextLoader&apos;, parent = [null]]], class dirties context [false], class mode [null], method dirties context [false].
DEBUG [main] - After test method: context [DefaultTestContext@c7519c testClass = SiteTest, testInstance = test.site.SiteTest@1fa02d, testMethod = testsaveUserSite@SiteTest, testException = org.springframework.dao.DataIntegrityViolationException: 
### Error updating database.  Cause: com.mysql.jdbc.exceptions.jdbc4.MySQLIntegrityConstraintViolationException: Cannot add or update a child row: a foreign key constraint fails (`sq_ztyjsystem/R_Site_User`, CONSTRAINT `fk_Site_has_User_Site` FOREIGN KEY (`SiteId`) REFERENCES `Site` (`Id`) ON DELETE CASCADE ON UPDATE NO ACTION)
### The error may involve defaultParameterMap
### The error occurred while setting parameters
### SQL: insert into R_Site_User (SiteId, UserId,   PostId)   values (   ?,   ?,   ?   )
### Cause: com.mysql.jdbc.exceptions.jdbc4.MySQLIntegrityConstraintViolationException: Cannot add or update a child row: a foreign key constraint fails (`sq_ztyjsystem/R_Site_User`, CONSTRAINT `fk_Site_has_User_Site` FOREIGN KEY (`SiteId`) REFERENCES `Site` (`Id`) ON DELETE CASCADE ON UPDATE NO ACTION)
; SQL []; Cannot add or update a child row: a foreign key constraint fails (`sq_ztyjsystem/R_Site_User`, CONSTRAINT `fk_Site_has_User_Site` FOREIGN KEY (`SiteId`) REFERENCES `Site` (`Id`) ON DELETE CASCADE ON UPDATE NO ACTION); nested exception is com.mysql.jdbc.exceptions.jdbc4.MySQLIntegrityConstraintViolationException: Cannot add or update a child row: a foreign key constraint fails (`sq_ztyjsystem/R_Site_User`, CONSTRAINT `fk_Site_has_User_Site` FOREIGN KEY (`SiteId`) REFERENCES `Site` (`Id`) ON DELETE CASCADE ON UPDATE NO ACTION), mergedContextConfiguration = [MergedContextConfiguration@10183f1 testClass = SiteTest, locations = &apos;{classpath:spring-security.xml, classpath:spring.xml, classpath:spring-ehcache.xml, classpath:spring-mybatis.xml}&apos;, classes = &apos;{}&apos;, contextInitializerClasses = &apos;[]&apos;, activeProfiles = &apos;{}&apos;, contextLoader = &apos;org.springframework.test.context.support.DelegatingSmartContextLoader&apos;, parent = [null]]], class dirties context [false], class mode [null], method dirties context [false].
</system-out>
  </testcase>
  <testcase time="0.174" classname="test.site.SiteTest" name="testSaveUserSite">
    <error message="
### Error updating database.  Cause: com.mysql.jdbc.exceptions.jdbc4.MySQLIntegrityConstraintViolationException: Cannot add or update a child row: a foreign key constraint fails (`sq_ztyjsystem/R_Site_User`, CONSTRAINT `fk_Site_has_User_Site` FOREIGN KEY (`SiteId`) REFERENCES `Site` (`Id`) ON DELETE CASCADE ON UPDATE NO ACTION)
### The error may involve defaultParameterMap
### The error occurred while setting parameters
### SQL: insert into R_Site_User (SiteId, UserId,   PostId)   values (   ?,   ?,   ?   )
### Cause: com.mysql.jdbc.exceptions.jdbc4.MySQLIntegrityConstraintViolationException: Cannot add or update a child row: a foreign key constraint fails (`sq_ztyjsystem/R_Site_User`, CONSTRAINT `fk_Site_has_User_Site` FOREIGN KEY (`SiteId`) REFERENCES `Site` (`Id`) ON DELETE CASCADE ON UPDATE NO ACTION)
; SQL []; Cannot add or update a child row: a foreign key constraint fails (`sq_ztyjsystem/R_Site_User`, CONSTRAINT `fk_Site_has_User_Site` FOREIGN KEY (`SiteId`) REFERENCES `Site` (`Id`) ON DELETE CASCADE ON UPDATE NO ACTION); nested exception is com.mysql.jdbc.exceptions.jdbc4.MySQLIntegrityConstraintViolationException: Cannot add or update a child row: a foreign key constraint fails (`sq_ztyjsystem/R_Site_User`, CONSTRAINT `fk_Site_has_User_Site` FOREIGN KEY (`SiteId`) REFERENCES `Site` (`Id`) ON DELETE CASCADE ON UPDATE NO ACTION)" type="org.springframework.dao.DataIntegrityViolationException">org.springframework.dao.DataIntegrityViolationException: 
### Error updating database.  Cause: com.mysql.jdbc.exceptions.jdbc4.MySQLIntegrityConstraintViolationException: Cannot add or update a child row: a foreign key constraint fails (`sq_ztyjsystem/R_Site_User`, CONSTRAINT `fk_Site_has_User_Site` FOREIGN KEY (`SiteId`) REFERENCES `Site` (`Id`) ON DELETE CASCADE ON UPDATE NO ACTION)
### The error may involve defaultParameterMap
### The error occurred while setting parameters
### SQL: insert into R_Site_User (SiteId, UserId,   PostId)   values (   ?,   ?,   ?   )
### Cause: com.mysql.jdbc.exceptions.jdbc4.MySQLIntegrityConstraintViolationException: Cannot add or update a child row: a foreign key constraint fails (`sq_ztyjsystem/R_Site_User`, CONSTRAINT `fk_Site_has_User_Site` FOREIGN KEY (`SiteId`) REFERENCES `Site` (`Id`) ON DELETE CASCADE ON UPDATE NO ACTION)
; SQL []; Cannot add or update a child row: a foreign key constraint fails (`sq_ztyjsystem/R_Site_User`, CONSTRAINT `fk_Site_has_User_Site` FOREIGN KEY (`SiteId`) REFERENCES `Site` (`Id`) ON DELETE CASCADE ON UPDATE NO ACTION); nested exception is com.mysql.jdbc.exceptions.jdbc4.MySQLIntegrityConstraintViolationException: Cannot add or update a child row: a foreign key constraint fails (`sq_ztyjsystem/R_Site_User`, CONSTRAINT `fk_Site_has_User_Site` FOREIGN KEY (`SiteId`) REFERENCES `Site` (`Id`) ON DELETE CASCADE ON UPDATE NO ACTION)
	at org.springframework.jdbc.support.SQLErrorCodeSQLExceptionTranslator.doTranslate(SQLErrorCodeSQLExceptionTranslator.java:243)
	at org.springframework.jdbc.support.AbstractFallbackSQLExceptionTranslator.translate(AbstractFallbackSQLExceptionTranslator.java:73)
	at org.mybatis.spring.MyBatisExceptionTranslator.translateExceptionIfPossible(MyBatisExceptionTranslator.java:73)
	at org.mybatis.spring.SqlSessionTemplate$SqlSessionInterceptor.invoke(SqlSessionTemplate.java:371)
	at com.sun.proxy.$Proxy14.insert(Unknown Source)
	at org.mybatis.spring.SqlSessionTemplate.insert(SqlSessionTemplate.java:240)
	at org.apache.ibatis.binding.MapperMethod.execute(MapperMethod.java:51)
	at org.apache.ibatis.binding.MapperProxy.invoke(MapperProxy.java:52)
	at com.sun.proxy.$Proxy43.insertUserSite(Unknown Source)
	at com.ztyj6.fs.service.impl.SiteServiceImpl.saveUserSite(SiteServiceImpl.java:80)
	at sun.reflect.NativeMethodAccessorImpl.invoke0(Native Method)
	at sun.reflect.NativeMethodAccessorImpl.invoke(NativeMethodAccessorImpl.java:57)
	at sun.reflect.DelegatingMethodAccessorImpl.invoke(DelegatingMethodAccessorImpl.java:43)
	at java.lang.reflect.Method.invoke(Method.java:606)
	at org.springframework.aop.support.AopUtils.invokeJoinpointUsingReflection(AopUtils.java:317)
	at org.springframework.aop.framework.ReflectiveMethodInvocation.invokeJoinpoint(ReflectiveMethodInvocation.java:190)
	at org.springframework.aop.framework.ReflectiveMethodInvocation.proceed(ReflectiveMethodInvocation.java:157)
	at org.springframework.transaction.interceptor.TransactionInterceptor$1.proceedWithInvocation(TransactionInterceptor.java:98)
	at org.springframework.transaction.interceptor.TransactionAspectSupport.invokeWithinTransaction(TransactionAspectSupport.java:262)
	at org.springframework.transaction.interceptor.TransactionInterceptor.invoke(TransactionInterceptor.java:95)
	at org.springframework.aop.framework.ReflectiveMethodInvocation.proceed(ReflectiveMethodInvocation.java:179)
	at org.springframework.aop.interceptor.ExposeInvocationInterceptor.invoke(ExposeInvocationInterceptor.java:92)
	at org.springframework.aop.framework.ReflectiveMethodInvocation.proceed(ReflectiveMethodInvocation.java:179)
	at org.springframework.aop.framework.JdkDynamicAopProxy.invoke(JdkDynamicAopProxy.java:207)
	at com.sun.proxy.$Proxy44.saveUserSite(Unknown Source)
	at test.site.SiteTest.testSaveUserSite(SiteTest.java:58)
	at sun.reflect.NativeMethodAccessorImpl.invoke0(Native Method)
	at sun.reflect.NativeMethodAccessorImpl.invoke(NativeMethodAccessorImpl.java:57)
	at sun.reflect.DelegatingMethodAccessorImpl.invoke(DelegatingMethodAccessorImpl.java:43)
	at java.lang.reflect.Method.invoke(Method.java:606)
	at org.junit.runners.model.FrameworkMethod$1.runReflectiveCall(FrameworkMethod.java:47)
	at org.junit.internal.runners.model.ReflectiveCallable.run(ReflectiveCallable.java:12)
	at org.junit.runners.model.FrameworkMethod.invokeExplosively(FrameworkMethod.java:44)
	at org.junit.internal.runners.statements.InvokeMethod.evaluate(InvokeMethod.java:17)
	at org.springframework.test.context.junit4.statements.RunBeforeTestMethodCallbacks.evaluate(RunBeforeTestMethodCallbacks.java:74)
	at org.springframework.test.context.junit4.statements.RunAfterTestMethodCallbacks.evaluate(RunAfterTestMethodCallbacks.java:83)
	at org.springframework.test.context.junit4.statements.SpringRepeat.evaluate(SpringRepeat.java:72)
	at org.springframework.test.context.junit4.SpringJUnit4ClassRunner.runChild(SpringJUnit4ClassRunner.java:232)
	at org.springframework.test.context.junit4.SpringJUnit4ClassRunner.runChild(SpringJUnit4ClassRunner.java:89)
	at org.junit.runners.ParentRunner$3.run(ParentRunner.java:238)
	at org.junit.runners.ParentRunner$1.schedule(ParentRunner.java:63)
	at org.junit.runners.ParentRunner.runChildren(ParentRunner.java:236)
	at org.junit.runners.ParentRunner.access$000(ParentRunner.java:53)
	at org.junit.runners.ParentRunner$2.evaluate(ParentRunner.java:229)
	at org.springframework.test.context.junit4.statements.RunBeforeTestClassCallbacks.evaluate(RunBeforeTestClassCallbacks.java:61)
	at org.springframework.test.context.junit4.statements.RunAfterTestClassCallbacks.evaluate(RunAfterTestClassCallbacks.java:71)
	at org.junit.runners.ParentRunner.run(ParentRunner.java:309)
	at org.springframework.test.context.junit4.SpringJUnit4ClassRunner.run(SpringJUnit4ClassRunner.java:175)
	at org.apache.maven.surefire.junit4.JUnit4TestSet.execute(JUnit4TestSet.java:53)
	at org.apache.maven.surefire.junit4.JUnit4Provider.executeTestSet(JUnit4Provider.java:123)
	at org.apache.maven.surefire.junit4.JUnit4Provider.invoke(JUnit4Provider.java:104)
	at sun.reflect.NativeMethodAccessorImpl.invoke0(Native Method)
	at sun.reflect.NativeMethodAccessorImpl.invoke(NativeMethodAccessorImpl.java:57)
	at sun.reflect.DelegatingMethodAccessorImpl.invoke(DelegatingMethodAccessorImpl.java:43)
	at java.lang.reflect.Method.invoke(Method.java:606)
	at org.apache.maven.surefire.util.ReflectionUtils.invokeMethodWithArray(ReflectionUtils.java:164)
	at org.apache.maven.surefire.booter.ProviderFactory$ProviderProxy.invoke(ProviderFactory.java:110)
	at org.apache.maven.surefire.booter.SurefireStarter.invokeProvider(SurefireStarter.java:175)
	at org.apache.maven.surefire.booter.SurefireStarter.runSuitesInProcessWhenForked(SurefireStarter.java:107)
	at org.apache.maven.surefire.booter.ForkedBooter.main(ForkedBooter.java:68)
Caused by: com.mysql.jdbc.exceptions.jdbc4.MySQLIntegrityConstraintViolationException: Cannot add or update a child row: a foreign key constraint fails (`sq_ztyjsystem/R_Site_User`, CONSTRAINT `fk_Site_has_User_Site` FOREIGN KEY (`SiteId`) REFERENCES `Site` (`Id`) ON DELETE CASCADE ON UPDATE NO ACTION)
	at sun.reflect.NativeConstructorAccessorImpl.newInstance0(Native Method)
	at sun.reflect.NativeConstructorAccessorImpl.newInstance(NativeConstructorAccessorImpl.java:57)
	at sun.reflect.DelegatingConstructorAccessorImpl.newInstance(DelegatingConstructorAccessorImpl.java:45)
	at java.lang.reflect.Constructor.newInstance(Constructor.java:526)
	at com.mysql.jdbc.Util.handleNewInstance(Util.java:411)
	at com.mysql.jdbc.Util.getInstance(Util.java:386)
	at com.mysql.jdbc.SQLError.createSQLException(SQLError.java:1041)
	at com.mysql.jdbc.MysqlIO.checkErrorPacket(MysqlIO.java:4237)
	at com.mysql.jdbc.MysqlIO.checkErrorPacket(MysqlIO.java:4169)
	at com.mysql.jdbc.MysqlIO.sendCommand(MysqlIO.java:2617)
	at com.mysql.jdbc.MysqlIO.sqlQueryDirect(MysqlIO.java:2778)
	at com.mysql.jdbc.ConnectionImpl.execSQL(ConnectionImpl.java:2834)
	at com.mysql.jdbc.PreparedStatement.executeInternal(PreparedStatement.java:2156)
	at com.mysql.jdbc.PreparedStatement.execute(PreparedStatement.java:1379)
	at com.alibaba.druid.filter.FilterChainImpl.preparedStatement_execute(FilterChainImpl.java:2931)
	at com.alibaba.druid.filter.FilterEventAdapter.preparedStatement_execute(FilterEventAdapter.java:440)
	at com.alibaba.druid.filter.FilterChainImpl.preparedStatement_execute(FilterChainImpl.java:2929)
	at com.alibaba.druid.wall.WallFilter.preparedStatement_execute(WallFilter.java:583)
	at com.alibaba.druid.filter.FilterChainImpl.preparedStatement_execute(FilterChainImpl.java:2929)
	at com.alibaba.druid.proxy.jdbc.PreparedStatementProxyImpl.execute(PreparedStatementProxyImpl.java:118)
	at com.alibaba.druid.pool.DruidPooledPreparedStatement.execute(DruidPooledPreparedStatement.java:493)
	at sun.reflect.GeneratedMethodAccessor26.invoke(Unknown Source)
	at sun.reflect.DelegatingMethodAccessorImpl.invoke(DelegatingMethodAccessorImpl.java:43)
	at java.lang.reflect.Method.invoke(Method.java:606)
	at org.apache.ibatis.logging.jdbc.PreparedStatementLogger.invoke(PreparedStatementLogger.java:62)
	at com.sun.proxy.$Proxy24.execute(Unknown Source)
	at org.apache.ibatis.executor.statement.PreparedStatementHandler.update(PreparedStatementHandler.java:44)
	at org.apache.ibatis.executor.statement.RoutingStatementHandler.update(RoutingStatementHandler.java:69)
	at org.apache.ibatis.executor.SimpleExecutor.doUpdate(SimpleExecutor.java:48)
	at org.apache.ibatis.executor.BaseExecutor.update(BaseExecutor.java:105)
	at org.apache.ibatis.executor.CachingExecutor.update(CachingExecutor.java:71)
	at sun.reflect.NativeMethodAccessorImpl.invoke0(Native Method)
	at sun.reflect.NativeMethodAccessorImpl.invoke(NativeMethodAccessorImpl.java:57)
	at sun.reflect.DelegatingMethodAccessorImpl.invoke(DelegatingMethodAccessorImpl.java:43)
	at java.lang.reflect.Method.invoke(Method.java:606)
	at org.apache.ibatis.plugin.Plugin.invoke(Plugin.java:62)
	at com.sun.proxy.$Proxy22.update(Unknown Source)
	at org.apache.ibatis.session.defaults.DefaultSqlSession.update(DefaultSqlSession.java:152)
	at org.apache.ibatis.session.defaults.DefaultSqlSession.insert(DefaultSqlSession.java:141)
	at sun.reflect.NativeMethodAccessorImpl.invoke0(Native Method)
	at sun.reflect.NativeMethodAccessorImpl.invoke(NativeMethodAccessorImpl.java:57)
	at sun.reflect.DelegatingMethodAccessorImpl.invoke(DelegatingMethodAccessorImpl.java:43)
	at java.lang.reflect.Method.invoke(Method.java:606)
	at org.mybatis.spring.SqlSessionTemplate$SqlSessionInterceptor.invoke(SqlSessionTemplate.java:358)
	... 56 more
</error>
    <system-out>2014-08-09 17:35:23 DEBUG org.springframework.test.annotation.ProfileValueUtils  - Retrieved @ProfileValueSourceConfiguration [null] for test class [test.site.SiteTest]
DEBUG [main] - Retrieved @ProfileValueSourceConfiguration [null] for test class [test.site.SiteTest]
2014-08-09 17:35:23 DEBUG org.springframework.test.annotation.ProfileValueUtils  - Retrieved ProfileValueSource type [class org.springframework.test.annotation.SystemProfileValueSource] for class [test.site.SiteTest]
DEBUG [main] - Retrieved ProfileValueSource type [class org.springframework.test.annotation.SystemProfileValueSource] for class [test.site.SiteTest]
2014-08-09 17:35:23 DEBUG org.springframework.test.context.support.DependencyInjectionTestExecutionListener  - Performing dependency injection for test context [[DefaultTestContext@c7519c testClass = SiteTest, testInstance = test.site.SiteTest@9117e3, testMethod = [null], testException = [null], mergedContextConfiguration = [MergedContextConfiguration@10183f1 testClass = SiteTest, locations = &apos;{classpath:spring-security.xml, classpath:spring.xml, classpath:spring-ehcache.xml, classpath:spring-mybatis.xml}&apos;, classes = &apos;{}&apos;, contextInitializerClasses = &apos;[]&apos;, activeProfiles = &apos;{}&apos;, contextLoader = &apos;org.springframework.test.context.support.DelegatingSmartContextLoader&apos;, parent = [null]]]].
DEBUG [main] - Performing dependency injection for test context [[DefaultTestContext@c7519c testClass = SiteTest, testInstance = test.site.SiteTest@9117e3, testMethod = [null], testException = [null], mergedContextConfiguration = [MergedContextConfiguration@10183f1 testClass = SiteTest, locations = &apos;{classpath:spring-security.xml, classpath:spring.xml, classpath:spring-ehcache.xml, classpath:spring-mybatis.xml}&apos;, classes = &apos;{}&apos;, contextInitializerClasses = &apos;[]&apos;, activeProfiles = &apos;{}&apos;, contextLoader = &apos;org.springframework.test.context.support.DelegatingSmartContextLoader&apos;, parent = [null]]]].
2014-08-09 17:35:23 DEBUG org.springframework.test.context.CacheAwareContextLoaderDelegate  - Retrieved ApplicationContext from cache with key [[MergedContextConfiguration@10183f1 testClass = SiteTest, locations = &apos;{classpath:spring-security.xml, classpath:spring.xml, classpath:spring-ehcache.xml, classpath:spring-mybatis.xml}&apos;, classes = &apos;{}&apos;, contextInitializerClasses = &apos;[]&apos;, activeProfiles = &apos;{}&apos;, contextLoader = &apos;org.springframework.test.context.support.DelegatingSmartContextLoader&apos;, parent = [null]]].
DEBUG [main] - Retrieved ApplicationContext from cache with key [[MergedContextConfiguration@10183f1 testClass = SiteTest, locations = &apos;{classpath:spring-security.xml, classpath:spring.xml, classpath:spring-ehcache.xml, classpath:spring-mybatis.xml}&apos;, classes = &apos;{}&apos;, contextInitializerClasses = &apos;[]&apos;, activeProfiles = &apos;{}&apos;, contextLoader = &apos;org.springframework.test.context.support.DelegatingSmartContextLoader&apos;, parent = [null]]].
2014-08-09 17:35:23 DEBUG org.springframework.beans.factory.annotation.InjectionMetadata  - Processing injected method of bean &apos;test.site.SiteTest&apos;: AutowiredMethodElement for public void test.site.SiteTest.setSiteService(com.ztyj6.fs.service.ISiteService)
DEBUG [main] - Processing injected method of bean &apos;test.site.SiteTest&apos;: AutowiredMethodElement for public void test.site.SiteTest.setSiteService(com.ztyj6.fs.service.ISiteService)
2014-08-09 17:35:23 DEBUG org.springframework.beans.factory.support.DefaultListableBeanFactory  - Returning cached instance of singleton bean &apos;siteService&apos;
DEBUG [main] - Returning cached instance of singleton bean &apos;siteService&apos;
2014-08-09 17:35:23 DEBUG org.springframework.jdbc.datasource.DataSourceTransactionManager  - Creating new transaction with name [com.ztyj6.fs.service.impl.SiteServiceImpl.saveUserSite]: PROPAGATION_REQUIRED,ISOLATION_DEFAULT
DEBUG [main] - Creating new transaction with name [com.ztyj6.fs.service.impl.SiteServiceImpl.saveUserSite]: PROPAGATION_REQUIRED,ISOLATION_DEFAULT
2014-08-09 17:35:23 DEBUG org.springframework.jdbc.datasource.DataSourceTransactionManager  - Acquired Connection [com.alibaba.druid.proxy.jdbc.ConnectionProxyImpl@4da4c2] for JDBC transaction
DEBUG [main] - Acquired Connection [com.alibaba.druid.proxy.jdbc.ConnectionProxyImpl@4da4c2] for JDBC transaction
2014-08-09 17:35:23 DEBUG org.springframework.jdbc.datasource.DataSourceTransactionManager  - Switching JDBC Connection [com.alibaba.druid.proxy.jdbc.ConnectionProxyImpl@4da4c2] to manual commit
DEBUG [main] - Switching JDBC Connection [com.alibaba.druid.proxy.jdbc.ConnectionProxyImpl@4da4c2] to manual commit
2014-08-09 17:35:23 DEBUG org.mybatis.spring.SqlSessionUtils  - Creating a new SqlSession
DEBUG [main] - Creating a new SqlSession
2014-08-09 17:35:23 DEBUG org.mybatis.spring.SqlSessionUtils  - Registering transaction synchronization for SqlSession [org.apache.ibatis.session.defaults.DefaultSqlSession@924119]
DEBUG [main] - Registering transaction synchronization for SqlSession [org.apache.ibatis.session.defaults.DefaultSqlSession@924119]
2014-08-09 17:35:23 DEBUG org.mybatis.spring.transaction.SpringManagedTransaction  - JDBC Connection [com.alibaba.druid.proxy.jdbc.ConnectionProxyImpl@4da4c2] will be managed by Spring
DEBUG [main] - JDBC Connection [com.alibaba.druid.proxy.jdbc.ConnectionProxyImpl@4da4c2] will be managed by Spring
2014-08-09 17:35:23 DEBUG com.ztyj6.fs.dao.SiteMapper.insertUserSite  - ==&gt;  Preparing: insert into R_Site_User (SiteId, UserId, PostId) values ( ?, ?, ? ) 
DEBUG [main] - ==&gt;  Preparing: insert into R_Site_User (SiteId, UserId, PostId) values ( ?, ?, ? ) 
2014-08-09 17:35:23 DEBUG com.ztyj6.fs.dao.SiteMapper.insertUserSite  - ==&gt; Parameters: 1(Integer), 1(Integer), 1(Integer)
DEBUG [main] - ==&gt; Parameters: 1(Integer), 1(Integer), 1(Integer)
2014-08-09 17:35:23 DEBUG org.mybatis.spring.SqlSessionUtils  - Releasing transactional SqlSession [org.apache.ibatis.session.defaults.DefaultSqlSession@924119]
DEBUG [main] - Releasing transactional SqlSession [org.apache.ibatis.session.defaults.DefaultSqlSession@924119]
2014-08-09 17:35:23 DEBUG org.springframework.jdbc.support.SQLErrorCodeSQLExceptionTranslator  - Translating SQLException with SQL state &apos;23000&apos;, error code &apos;1452&apos;, message [Cannot add or update a child row: a foreign key constraint fails (`sq_ztyjsystem/R_Site_User`, CONSTRAINT `fk_Site_has_User_Site` FOREIGN KEY (`SiteId`) REFERENCES `Site` (`Id`) ON DELETE CASCADE ON UPDATE NO ACTION)]; SQL was [] for task [
### Error updating database.  Cause: com.mysql.jdbc.exceptions.jdbc4.MySQLIntegrityConstraintViolationException: Cannot add or update a child row: a foreign key constraint fails (`sq_ztyjsystem/R_Site_User`, CONSTRAINT `fk_Site_has_User_Site` FOREIGN KEY (`SiteId`) REFERENCES `Site` (`Id`) ON DELETE CASCADE ON UPDATE NO ACTION)
### The error may involve defaultParameterMap
### The error occurred while setting parameters
### SQL: insert into R_Site_User (SiteId, UserId,   PostId)   values (   ?,   ?,   ?   )
### Cause: com.mysql.jdbc.exceptions.jdbc4.MySQLIntegrityConstraintViolationException: Cannot add or update a child row: a foreign key constraint fails (`sq_ztyjsystem/R_Site_User`, CONSTRAINT `fk_Site_has_User_Site` FOREIGN KEY (`SiteId`) REFERENCES `Site` (`Id`) ON DELETE CASCADE ON UPDATE NO ACTION)
]
DEBUG [main] - Translating SQLException with SQL state &apos;23000&apos;, error code &apos;1452&apos;, message [Cannot add or update a child row: a foreign key constraint fails (`sq_ztyjsystem/R_Site_User`, CONSTRAINT `fk_Site_has_User_Site` FOREIGN KEY (`SiteId`) REFERENCES `Site` (`Id`) ON DELETE CASCADE ON UPDATE NO ACTION)]; SQL was [] for task [
### Error updating database.  Cause: com.mysql.jdbc.exceptions.jdbc4.MySQLIntegrityConstraintViolationException: Cannot add or update a child row: a foreign key constraint fails (`sq_ztyjsystem/R_Site_User`, CONSTRAINT `fk_Site_has_User_Site` FOREIGN KEY (`SiteId`) REFERENCES `Site` (`Id`) ON DELETE CASCADE ON UPDATE NO ACTION)
### The error may involve defaultParameterMap
### The error occurred while setting parameters
### SQL: insert into R_Site_User (SiteId, UserId,   PostId)   values (   ?,   ?,   ?   )
### Cause: com.mysql.jdbc.exceptions.jdbc4.MySQLIntegrityConstraintViolationException: Cannot add or update a child row: a foreign key constraint fails (`sq_ztyjsystem/R_Site_User`, CONSTRAINT `fk_Site_has_User_Site` FOREIGN KEY (`SiteId`) REFERENCES `Site` (`Id`) ON DELETE CASCADE ON UPDATE NO ACTION)
]
2014-08-09 17:35:23 DEBUG org.mybatis.spring.SqlSessionUtils  - Transaction synchronization deregistering SqlSession [org.apache.ibatis.session.defaults.DefaultSqlSession@924119]
DEBUG [main] - Transaction synchronization deregistering SqlSession [org.apache.ibatis.session.defaults.DefaultSqlSession@924119]
2014-08-09 17:35:23 DEBUG org.mybatis.spring.SqlSessionUtils  - Transaction synchronization closing SqlSession [org.apache.ibatis.session.defaults.DefaultSqlSession@924119]
DEBUG [main] - Transaction synchronization closing SqlSession [org.apache.ibatis.session.defaults.DefaultSqlSession@924119]
2014-08-09 17:35:23 DEBUG org.springframework.jdbc.datasource.DataSourceTransactionManager  - Initiating transaction rollback
DEBUG [main] - Initiating transaction rollback
2014-08-09 17:35:23 DEBUG org.springframework.jdbc.datasource.DataSourceTransactionManager  - Rolling back JDBC transaction on Connection [com.alibaba.druid.proxy.jdbc.ConnectionProxyImpl@4da4c2]
DEBUG [main] - Rolling back JDBC transaction on Connection [com.alibaba.druid.proxy.jdbc.ConnectionProxyImpl@4da4c2]
2014-08-09 17:35:23 DEBUG org.springframework.jdbc.datasource.DataSourceTransactionManager  - Releasing JDBC Connection [com.alibaba.druid.proxy.jdbc.ConnectionProxyImpl@4da4c2] after transaction
DEBUG [main] - Releasing JDBC Connection [com.alibaba.druid.proxy.jdbc.ConnectionProxyImpl@4da4c2] after transaction
2014-08-09 17:35:23 DEBUG org.springframework.jdbc.datasource.DataSourceUtils  - Returning JDBC Connection to DataSource
DEBUG [main] - Returning JDBC Connection to DataSource
2014-08-09 17:35:23 DEBUG org.springframework.test.context.support.DirtiesContextTestExecutionListener  - After test method: context [DefaultTestContext@c7519c testClass = SiteTest, testInstance = test.site.SiteTest@9117e3, testMethod = testSaveUserSite@SiteTest, testException = org.springframework.dao.DataIntegrityViolationException: 
### Error updating database.  Cause: com.mysql.jdbc.exceptions.jdbc4.MySQLIntegrityConstraintViolationException: Cannot add or update a child row: a foreign key constraint fails (`sq_ztyjsystem/R_Site_User`, CONSTRAINT `fk_Site_has_User_Site` FOREIGN KEY (`SiteId`) REFERENCES `Site` (`Id`) ON DELETE CASCADE ON UPDATE NO ACTION)
### The error may involve defaultParameterMap
### The error occurred while setting parameters
### SQL: insert into R_Site_User (SiteId, UserId,   PostId)   values (   ?,   ?,   ?   )
### Cause: com.mysql.jdbc.exceptions.jdbc4.MySQLIntegrityConstraintViolationException: Cannot add or update a child row: a foreign key constraint fails (`sq_ztyjsystem/R_Site_User`, CONSTRAINT `fk_Site_has_User_Site` FOREIGN KEY (`SiteId`) REFERENCES `Site` (`Id`) ON DELETE CASCADE ON UPDATE NO ACTION)
; SQL []; Cannot add or update a child row: a foreign key constraint fails (`sq_ztyjsystem/R_Site_User`, CONSTRAINT `fk_Site_has_User_Site` FOREIGN KEY (`SiteId`) REFERENCES `Site` (`Id`) ON DELETE CASCADE ON UPDATE NO ACTION); nested exception is com.mysql.jdbc.exceptions.jdbc4.MySQLIntegrityConstraintViolationException: Cannot add or update a child row: a foreign key constraint fails (`sq_ztyjsystem/R_Site_User`, CONSTRAINT `fk_Site_has_User_Site` FOREIGN KEY (`SiteId`) REFERENCES `Site` (`Id`) ON DELETE CASCADE ON UPDATE NO ACTION), mergedContextConfiguration = [MergedContextConfiguration@10183f1 testClass = SiteTest, locations = &apos;{classpath:spring-security.xml, classpath:spring.xml, classpath:spring-ehcache.xml, classpath:spring-mybatis.xml}&apos;, classes = &apos;{}&apos;, contextInitializerClasses = &apos;[]&apos;, activeProfiles = &apos;{}&apos;, contextLoader = &apos;org.springframework.test.context.support.DelegatingSmartContextLoader&apos;, parent = [null]]], class dirties context [false], class mode [null], method dirties context [false].
DEBUG [main] - After test method: context [DefaultTestContext@c7519c testClass = SiteTest, testInstance = test.site.SiteTest@9117e3, testMethod = testSaveUserSite@SiteTest, testException = org.springframework.dao.DataIntegrityViolationException: 
### Error updating database.  Cause: com.mysql.jdbc.exceptions.jdbc4.MySQLIntegrityConstraintViolationException: Cannot add or update a child row: a foreign key constraint fails (`sq_ztyjsystem/R_Site_User`, CONSTRAINT `fk_Site_has_User_Site` FOREIGN KEY (`SiteId`) REFERENCES `Site` (`Id`) ON DELETE CASCADE ON UPDATE NO ACTION)
### The error may involve defaultParameterMap
### The error occurred while setting parameters
### SQL: insert into R_Site_User (SiteId, UserId,   PostId)   values (   ?,   ?,   ?   )
### Cause: com.mysql.jdbc.exceptions.jdbc4.MySQLIntegrityConstraintViolationException: Cannot add or update a child row: a foreign key constraint fails (`sq_ztyjsystem/R_Site_User`, CONSTRAINT `fk_Site_has_User_Site` FOREIGN KEY (`SiteId`) REFERENCES `Site` (`Id`) ON DELETE CASCADE ON UPDATE NO ACTION)
; SQL []; Cannot add or update a child row: a foreign key constraint fails (`sq_ztyjsystem/R_Site_User`, CONSTRAINT `fk_Site_has_User_Site` FOREIGN KEY (`SiteId`) REFERENCES `Site` (`Id`) ON DELETE CASCADE ON UPDATE NO ACTION); nested exception is com.mysql.jdbc.exceptions.jdbc4.MySQLIntegrityConstraintViolationException: Cannot add or update a child row: a foreign key constraint fails (`sq_ztyjsystem/R_Site_User`, CONSTRAINT `fk_Site_has_User_Site` FOREIGN KEY (`SiteId`) REFERENCES `Site` (`Id`) ON DELETE CASCADE ON UPDATE NO ACTION), mergedContextConfiguration = [MergedContextConfiguration@10183f1 testClass = SiteTest, locations = &apos;{classpath:spring-security.xml, classpath:spring.xml, classpath:spring-ehcache.xml, classpath:spring-mybatis.xml}&apos;, classes = &apos;{}&apos;, contextInitializerClasses = &apos;[]&apos;, activeProfiles = &apos;{}&apos;, contextLoader = &apos;org.springframework.test.context.support.DelegatingSmartContextLoader&apos;, parent = [null]]], class dirties context [false], class mode [null], method dirties context [false].
</system-out>
  </testcase>
  <testcase time="0.192" classname="test.site.SiteTest" name="testDeleteUserSite"/>
  <testcase time="0.178" classname="test.site.SiteTest" name="deleteBatchUserSite"/>
  <testcase time="0.178" classname="test.site.SiteTest" name="testIsExistUserInSite"/>
</testsuite>