<?xml version="1.0" encoding="UTF-8" ?>
<testsuite failures="0" time="0.762" errors="1" skipped="0" tests="3" name="test.post.PostTest">
  <properties>
[...]
</properties>
  <testcase time="0.23" classname="test.post.PostTest" name="addTset">
    <error message="
### Error updating database.  Cause: com.mysql.jdbc.exceptions.jdbc4.MySQLIntegrityConstraintViolationException: Duplicate entry &apos;100&apos; for key 1
### The error may involve com.ztyj6.fs.dao.PostMapper.insert-Inline
### The error occurred while setting parameters
### SQL: insert into Post (Id, Name)   values (?, ?)
### Cause: com.mysql.jdbc.exceptions.jdbc4.MySQLIntegrityConstraintViolationException: Duplicate entry &apos;100&apos; for key 1
; SQL []; Duplicate entry &apos;100&apos; for key 1; nested exception is com.mysql.jdbc.exceptions.jdbc4.MySQLIntegrityConstraintViolationException: Duplicate entry &apos;100&apos; for key 1" type="org.springframework.dao.DuplicateKeyException">org.springframework.dao.DuplicateKeyException: 
### Error updating database.  Cause: com.mysql.jdbc.exceptions.jdbc4.MySQLIntegrityConstraintViolationException: Duplicate entry &apos;100&apos; for key 1
### The error may involve com.ztyj6.fs.dao.PostMapper.insert-Inline
### The error occurred while setting parameters
### SQL: insert into Post (Id, Name)   values (?, ?)
### Cause: com.mysql.jdbc.exceptions.jdbc4.MySQLIntegrityConstraintViolationException: Duplicate entry &apos;100&apos; for key 1
; SQL []; Duplicate entry &apos;100&apos; for key 1; nested exception is com.mysql.jdbc.exceptions.jdbc4.MySQLIntegrityConstraintViolationException: Duplicate entry &apos;100&apos; for key 1
	at org.springframework.jdbc.support.SQLErrorCodeSQLExceptionTranslator.doTranslate(SQLErrorCodeSQLExceptionTranslator.java:239)
	at org.springframework.jdbc.support.AbstractFallbackSQLExceptionTranslator.translate(AbstractFallbackSQLExceptionTranslator.java:73)
	at org.mybatis.spring.MyBatisExceptionTranslator.translateExceptionIfPossible(MyBatisExceptionTranslator.java:73)
	at org.mybatis.spring.SqlSessionTemplate$SqlSessionInterceptor.invoke(SqlSessionTemplate.java:371)
	at com.sun.proxy.$Proxy14.insert(Unknown Source)
	at org.mybatis.spring.SqlSessionTemplate.insert(SqlSessionTemplate.java:240)
	at org.apache.ibatis.binding.MapperMethod.execute(MapperMethod.java:51)
	at org.apache.ibatis.binding.MapperProxy.invoke(MapperProxy.java:52)
	at com.sun.proxy.$Proxy37.insert(Unknown Source)
	at com.ztyj6.fs.service.impl.PostServiceImpl.save(PostServiceImpl.java:34)
	at com.ztyj6.fs.service.impl.PostServiceImpl.save(PostServiceImpl.java:1)
	at sun.reflect.NativeMethodAccessorImpl.invoke0(Native Method)
	at sun.reflect.NativeMethodAccessorImpl.invoke(NativeMethodAccessorImpl.java:57)
	at sun.reflect.DelegatingMethodAccessorImpl.invoke(DelegatingMethodAccessorImpl.java:43)
	at java.lang.reflect.Method.invoke(Method.java:606)
	at org.springframework.aop.support.AopUtils.invokeJoinpointUsingReflection(AopUtils.java:317)
	at org.springframework.aop.framework.ReflectiveMethodInvocation.invokeJoinpoint(ReflectiveMethodInvocation.java:190)
	at org.springframework.aop.framework.ReflectiveMethodInvocation.proceed(ReflectiveMethodInvocation.java:157)
	at org.springframework.transaction.interceptor.TransactionInterceptor$1.proceedWithInvocation(TransactionInterceptor.java:98)
	at org.springframework.transaction.interceptor.TransactionAspectSupport.invokeWithinTransaction(TransactionAspectSupport.java:262)
	at org.springframework.transaction.interceptor.TransactionInterceptor.invoke(TransactionInterceptor.java:95)
	at org.springframework.aop.framework.ReflectiveMethodInvocation.proceed(ReflectiveMethodInvocation.java:179)
	at org.springframework.aop.interceptor.ExposeInvocationInterceptor.invoke(ExposeInvocationInterceptor.java:92)
	at org.springframework.aop.framework.ReflectiveMethodInvocation.proceed(ReflectiveMethodInvocation.java:179)
	at org.springframework.aop.framework.JdkDynamicAopProxy.invoke(JdkDynamicAopProxy.java:207)
	at com.sun.proxy.$Proxy38.save(Unknown Source)
	at test.post.PostTest.addTset(PostTest.java:32)
	at sun.reflect.NativeMethodAccessorImpl.invoke0(Native Method)
	at sun.reflect.NativeMethodAccessorImpl.invoke(NativeMethodAccessorImpl.java:57)
	at sun.reflect.DelegatingMethodAccessorImpl.invoke(DelegatingMethodAccessorImpl.java:43)
	at java.lang.reflect.Method.invoke(Method.java:606)
	at org.junit.runners.model.FrameworkMethod$1.runReflectiveCall(FrameworkMethod.java:47)
	at org.junit.internal.runners.model.ReflectiveCallable.run(ReflectiveCallable.java:12)
	at org.junit.runners.model.FrameworkMethod.invokeExplosively(FrameworkMethod.java:44)
	at org.junit.internal.runners.statements.InvokeMethod.evaluate(InvokeMethod.java:17)
	at org.springframework.test.context.junit4.statements.RunBeforeTestMethodCallbacks.evaluate(RunBeforeTestMethodCallbacks.java:74)
	at org.springframework.test.context.junit4.statements.RunAfterTestMethodCallbacks.evaluate(RunAfterTestMethodCallbacks.java:83)
	at org.springframework.test.context.junit4.statements.SpringRepeat.evaluate(SpringRepeat.java:72)
	at org.springframework.test.context.junit4.SpringJUnit4ClassRunner.runChild(SpringJUnit4ClassRunner.java:232)
	at org.springframework.test.context.junit4.SpringJUnit4ClassRunner.runChild(SpringJUnit4ClassRunner.java:89)
	at org.junit.runners.ParentRunner$3.run(ParentRunner.java:238)
	at org.junit.runners.ParentRunner$1.schedule(ParentRunner.java:63)
	at org.junit.runners.ParentRunner.runChildren(ParentRunner.java:236)
	at org.junit.runners.ParentRunner.access$000(ParentRunner.java:53)
	at org.junit.runners.ParentRunner$2.evaluate(ParentRunner.java:229)
	at org.springframework.test.context.junit4.statements.RunBeforeTestClassCallbacks.evaluate(RunBeforeTestClassCallbacks.java:61)
	at org.springframework.test.context.junit4.statements.RunAfterTestClassCallbacks.evaluate(RunAfterTestClassCallbacks.java:71)
	at org.junit.runners.ParentRunner.run(ParentRunner.java:309)
	at org.springframework.test.context.junit4.SpringJUnit4ClassRunner.run(SpringJUnit4ClassRunner.java:175)
	at org.apache.maven.surefire.junit4.JUnit4TestSet.execute(JUnit4TestSet.java:53)
	at org.apache.maven.surefire.junit4.JUnit4Provider.executeTestSet(JUnit4Provider.java:123)
	at org.apache.maven.surefire.junit4.JUnit4Provider.invoke(JUnit4Provider.java:104)
	at sun.reflect.NativeMethodAccessorImpl.invoke0(Native Method)
	at sun.reflect.NativeMethodAccessorImpl.invoke(NativeMethodAccessorImpl.java:57)
	at sun.reflect.DelegatingMethodAccessorImpl.invoke(DelegatingMethodAccessorImpl.java:43)
	at java.lang.reflect.Method.invoke(Method.java:606)
	at org.apache.maven.surefire.util.ReflectionUtils.invokeMethodWithArray(ReflectionUtils.java:164)
	at org.apache.maven.surefire.booter.ProviderFactory$ProviderProxy.invoke(ProviderFactory.java:110)
	at org.apache.maven.surefire.booter.SurefireStarter.invokeProvider(SurefireStarter.java:175)
	at org.apache.maven.surefire.booter.SurefireStarter.runSuitesInProcessWhenForked(SurefireStarter.java:107)
	at org.apache.maven.surefire.booter.ForkedBooter.main(ForkedBooter.java:68)
Caused by: com.mysql.jdbc.exceptions.jdbc4.MySQLIntegrityConstraintViolationException: Duplicate entry &apos;100&apos; for key 1
	at sun.reflect.NativeConstructorAccessorImpl.newInstance0(Native Method)
	at sun.reflect.NativeConstructorAccessorImpl.newInstance(NativeConstructorAccessorImpl.java:57)
	at sun.reflect.DelegatingConstructorAccessorImpl.newInstance(DelegatingConstructorAccessorImpl.java:45)
	at java.lang.reflect.Constructor.newInstance(Constructor.java:526)
	at com.mysql.jdbc.Util.handleNewInstance(Util.java:411)
	at com.mysql.jdbc.Util.getInstance(Util.java:386)
	at com.mysql.jdbc.SQLError.createSQLException(SQLError.java:1041)
	at com.mysql.jdbc.MysqlIO.checkErrorPacket(MysqlIO.java:4237)
	at com.mysql.jdbc.MysqlIO.checkErrorPacket(MysqlIO.java:4169)
	at com.mysql.jdbc.MysqlIO.sendCommand(MysqlIO.java:2617)
	at com.mysql.jdbc.MysqlIO.sqlQueryDirect(MysqlIO.java:2778)
	at com.mysql.jdbc.ConnectionImpl.execSQL(ConnectionImpl.java:2834)
	at com.mysql.jdbc.PreparedStatement.executeInternal(PreparedStatement.java:2156)
	at com.mysql.jdbc.PreparedStatement.execute(PreparedStatement.java:1379)
	at com.alibaba.druid.filter.FilterChainImpl.preparedStatement_execute(FilterChainImpl.java:2931)
	at com.alibaba.druid.filter.FilterEventAdapter.preparedStatement_execute(FilterEventAdapter.java:440)
	at com.alibaba.druid.filter.FilterChainImpl.preparedStatement_execute(FilterChainImpl.java:2929)
	at com.alibaba.druid.wall.WallFilter.preparedStatement_execute(WallFilter.java:583)
	at com.alibaba.druid.filter.FilterChainImpl.preparedStatement_execute(FilterChainImpl.java:2929)
	at com.alibaba.druid.proxy.jdbc.PreparedStatementProxyImpl.execute(PreparedStatementProxyImpl.java:118)
	at com.alibaba.druid.pool.DruidPooledPreparedStatement.execute(DruidPooledPreparedStatement.java:493)
	at sun.reflect.NativeMethodAccessorImpl.invoke0(Native Method)
	at sun.reflect.NativeMethodAccessorImpl.invoke(NativeMethodAccessorImpl.java:57)
	at sun.reflect.DelegatingMethodAccessorImpl.invoke(DelegatingMethodAccessorImpl.java:43)
	at java.lang.reflect.Method.invoke(Method.java:606)
	at org.apache.ibatis.logging.jdbc.PreparedStatementLogger.invoke(PreparedStatementLogger.java:62)
	at com.sun.proxy.$Proxy24.execute(Unknown Source)
	at org.apache.ibatis.executor.statement.PreparedStatementHandler.update(PreparedStatementHandler.java:44)
	at org.apache.ibatis.executor.statement.RoutingStatementHandler.update(RoutingStatementHandler.java:69)
	at org.apache.ibatis.executor.SimpleExecutor.doUpdate(SimpleExecutor.java:48)
	at org.apache.ibatis.executor.BaseExecutor.update(BaseExecutor.java:105)
	at org.apache.ibatis.executor.CachingExecutor.update(CachingExecutor.java:71)
	at sun.reflect.NativeMethodAccessorImpl.invoke0(Native Method)
	at sun.reflect.NativeMethodAccessorImpl.invoke(NativeMethodAccessorImpl.java:57)
	at sun.reflect.DelegatingMethodAccessorImpl.invoke(DelegatingMethodAccessorImpl.java:43)
	at java.lang.reflect.Method.invoke(Method.java:606)
	at org.apache.ibatis.plugin.Plugin.invoke(Plugin.java:62)
	at com.sun.proxy.$Proxy22.update(Unknown Source)
	at org.apache.ibatis.session.defaults.DefaultSqlSession.update(DefaultSqlSession.java:152)
	at org.apache.ibatis.session.defaults.DefaultSqlSession.insert(DefaultSqlSession.java:141)
	at sun.reflect.NativeMethodAccessorImpl.invoke0(Native Method)
	at sun.reflect.NativeMethodAccessorImpl.invoke(NativeMethodAccessorImpl.java:57)
	at sun.reflect.DelegatingMethodAccessorImpl.invoke(DelegatingMethodAccessorImpl.java:43)
	at java.lang.reflect.Method.invoke(Method.java:606)
	at org.mybatis.spring.SqlSessionTemplate$SqlSessionInterceptor.invoke(SqlSessionTemplate.java:358)
	... 57 more
</error>
    <system-out>2014-08-09 17:35:21 DEBUG org.springframework.test.context.support.DirtiesContextTestExecutionListener  - After test class: context [DefaultTestContext@1c7e176 testClass = UserTest, testInstance = [null], testMethod = [null], testException = [null], mergedContextConfiguration = [MergedContextConfiguration@98746b testClass = UserTest, locations = &apos;{classpath:spring-security.xml, classpath:spring.xml, classpath:spring-ehcache.xml, classpath:spring-mybatis.xml}&apos;, classes = &apos;{}&apos;, contextInitializerClasses = &apos;[]&apos;, activeProfiles = &apos;{}&apos;, contextLoader = &apos;org.springframework.test.context.support.DelegatingSmartContextLoader&apos;, parent = [null]]], dirtiesContext [false].
DEBUG [main] - After test class: context [DefaultTestContext@1c7e176 testClass = UserTest, testInstance = [null], testMethod = [null], testException = [null], mergedContextConfiguration = [MergedContextConfiguration@98746b testClass = UserTest, locations = &apos;{classpath:spring-security.xml, classpath:spring.xml, classpath:spring-ehcache.xml, classpath:spring-mybatis.xml}&apos;, classes = &apos;{}&apos;, contextInitializerClasses = &apos;[]&apos;, activeProfiles = &apos;{}&apos;, contextLoader = &apos;org.springframework.test.context.support.DelegatingSmartContextLoader&apos;, parent = [null]]], dirtiesContext [false].
2014-08-09 17:35:21 DEBUG org.springframework.test.context.junit4.SpringJUnit4ClassRunner  - SpringJUnit4ClassRunner constructor called with [class test.post.PostTest].
DEBUG [main] - SpringJUnit4ClassRunner constructor called with [class test.post.PostTest].
2014-08-09 17:35:21 DEBUG org.springframework.test.context.support.AbstractDelegatingSmartContextLoader  - Delegating to GenericXmlContextLoader to process context configuration [ContextConfigurationAttributes@1ffb8d1 declaringClass = &apos;test.post.PostTest&apos;, locations = &apos;{classpath:spring-security.xml, classpath:spring.xml, classpath:spring-ehcache.xml, classpath:spring-mybatis.xml}&apos;, classes = &apos;{}&apos;, inheritLocations = true, initializers = &apos;{}&apos;, inheritInitializers = true, name = [null], contextLoaderClass = &apos;org.springframework.test.context.ContextLoader&apos;].
DEBUG [main] - Delegating to GenericXmlContextLoader to process context configuration [ContextConfigurationAttributes@1ffb8d1 declaringClass = &apos;test.post.PostTest&apos;, locations = &apos;{classpath:spring-security.xml, classpath:spring.xml, classpath:spring-ehcache.xml, classpath:spring-mybatis.xml}&apos;, classes = &apos;{}&apos;, inheritLocations = true, initializers = &apos;{}&apos;, inheritInitializers = true, name = [null], contextLoaderClass = &apos;org.springframework.test.context.ContextLoader&apos;].
2014-08-09 17:35:21 DEBUG org.springframework.test.context.ContextLoaderUtils  - Could not find an &apos;annotation declaring class&apos; for annotation type [org.springframework.test.context.ActiveProfiles] and class [test.post.PostTest]
DEBUG [main] - Could not find an &apos;annotation declaring class&apos; for annotation type [org.springframework.test.context.ActiveProfiles] and class [test.post.PostTest]
2014-08-09 17:35:21 DEBUG org.springframework.test.context.TestContextManager  - @TestExecutionListeners is not present for class [class test.post.PostTest]: using defaults.
DEBUG [main] - @TestExecutionListeners is not present for class [class test.post.PostTest]: using defaults.
2014-08-09 17:35:21 DEBUG org.springframework.test.annotation.ProfileValueUtils  - Retrieved @ProfileValueSourceConfiguration [null] for test class [test.post.PostTest]
DEBUG [main] - Retrieved @ProfileValueSourceConfiguration [null] for test class [test.post.PostTest]
2014-08-09 17:35:21 DEBUG org.springframework.test.annotation.ProfileValueUtils  - Retrieved ProfileValueSource type [class org.springframework.test.annotation.SystemProfileValueSource] for class [test.post.PostTest]
DEBUG [main] - Retrieved ProfileValueSource type [class org.springframework.test.annotation.SystemProfileValueSource] for class [test.post.PostTest]
2014-08-09 17:35:21 DEBUG org.springframework.test.annotation.ProfileValueUtils  - Retrieved @ProfileValueSourceConfiguration [null] for test class [test.post.PostTest]
DEBUG [main] - Retrieved @ProfileValueSourceConfiguration [null] for test class [test.post.PostTest]
2014-08-09 17:35:21 DEBUG org.springframework.test.annotation.ProfileValueUtils  - Retrieved ProfileValueSource type [class org.springframework.test.annotation.SystemProfileValueSource] for class [test.post.PostTest]
DEBUG [main] - Retrieved ProfileValueSource type [class org.springframework.test.annotation.SystemProfileValueSource] for class [test.post.PostTest]
2014-08-09 17:35:21 DEBUG org.springframework.test.annotation.ProfileValueUtils  - Retrieved @ProfileValueSourceConfiguration [null] for test class [test.post.PostTest]
DEBUG [main] - Retrieved @ProfileValueSourceConfiguration [null] for test class [test.post.PostTest]
2014-08-09 17:35:21 DEBUG org.springframework.test.annotation.ProfileValueUtils  - Retrieved ProfileValueSource type [class org.springframework.test.annotation.SystemProfileValueSource] for class [test.post.PostTest]
DEBUG [main] - Retrieved ProfileValueSource type [class org.springframework.test.annotation.SystemProfileValueSource] for class [test.post.PostTest]
2014-08-09 17:35:21 DEBUG org.springframework.test.context.support.DependencyInjectionTestExecutionListener  - Performing dependency injection for test context [[DefaultTestContext@1bea571 testClass = PostTest, testInstance = test.post.PostTest@15fb113, testMethod = [null], testException = [null], mergedContextConfiguration = [MergedContextConfiguration@1625a2d testClass = PostTest, locations = &apos;{classpath:spring-security.xml, classpath:spring.xml, classpath:spring-ehcache.xml, classpath:spring-mybatis.xml}&apos;, classes = &apos;{}&apos;, contextInitializerClasses = &apos;[]&apos;, activeProfiles = &apos;{}&apos;, contextLoader = &apos;org.springframework.test.context.support.DelegatingSmartContextLoader&apos;, parent = [null]]]].
DEBUG [main] - Performing dependency injection for test context [[DefaultTestContext@1bea571 testClass = PostTest, testInstance = test.post.PostTest@15fb113, testMethod = [null], testException = [null], mergedContextConfiguration = [MergedContextConfiguration@1625a2d testClass = PostTest, locations = &apos;{classpath:spring-security.xml, classpath:spring.xml, classpath:spring-ehcache.xml, classpath:spring-mybatis.xml}&apos;, classes = &apos;{}&apos;, contextInitializerClasses = &apos;[]&apos;, activeProfiles = &apos;{}&apos;, contextLoader = &apos;org.springframework.test.context.support.DelegatingSmartContextLoader&apos;, parent = [null]]]].
2014-08-09 17:35:21 DEBUG org.springframework.test.context.CacheAwareContextLoaderDelegate  - Retrieved ApplicationContext from cache with key [[MergedContextConfiguration@1625a2d testClass = PostTest, locations = &apos;{classpath:spring-security.xml, classpath:spring.xml, classpath:spring-ehcache.xml, classpath:spring-mybatis.xml}&apos;, classes = &apos;{}&apos;, contextInitializerClasses = &apos;[]&apos;, activeProfiles = &apos;{}&apos;, contextLoader = &apos;org.springframework.test.context.support.DelegatingSmartContextLoader&apos;, parent = [null]]].
DEBUG [main] - Retrieved ApplicationContext from cache with key [[MergedContextConfiguration@1625a2d testClass = PostTest, locations = &apos;{classpath:spring-security.xml, classpath:spring.xml, classpath:spring-ehcache.xml, classpath:spring-mybatis.xml}&apos;, classes = &apos;{}&apos;, contextInitializerClasses = &apos;[]&apos;, activeProfiles = &apos;{}&apos;, contextLoader = &apos;org.springframework.test.context.support.DelegatingSmartContextLoader&apos;, parent = [null]]].
2014-08-09 17:35:21 DEBUG org.springframework.beans.factory.annotation.InjectionMetadata  - Processing injected method of bean &apos;test.post.PostTest&apos;: AutowiredMethodElement for public void test.post.PostTest.setPostService(com.ztyj6.fs.service.IPostService)
DEBUG [main] - Processing injected method of bean &apos;test.post.PostTest&apos;: AutowiredMethodElement for public void test.post.PostTest.setPostService(com.ztyj6.fs.service.IPostService)
2014-08-09 17:35:21 DEBUG org.springframework.beans.factory.support.DefaultListableBeanFactory  - Returning cached instance of singleton bean &apos;postService&apos;
DEBUG [main] - Returning cached instance of singleton bean &apos;postService&apos;
2014-08-09 17:35:21 DEBUG org.springframework.beans.factory.annotation.AutowiredAnnotationBeanPostProcessor  - Autowiring by type from bean name &apos;test.post.PostTest&apos; to bean named &apos;postService&apos;
DEBUG [main] - Autowiring by type from bean name &apos;test.post.PostTest&apos; to bean named &apos;postService&apos;
2014-08-09 17:35:21 DEBUG org.springframework.beans.factory.support.DefaultListableBeanFactory  - Returning cached instance of singleton bean &apos;org.springframework.aop.support.DefaultBeanFactoryPointcutAdvisor#0&apos;
DEBUG [main] - Returning cached instance of singleton bean &apos;org.springframework.aop.support.DefaultBeanFactoryPointcutAdvisor#0&apos;
2014-08-09 17:35:21 DEBUG org.springframework.beans.factory.support.DefaultListableBeanFactory  - Returning cached instance of singleton bean &apos;org.springframework.aop.support.DefaultBeanFactoryPointcutAdvisor#0&apos;
DEBUG [main] - Returning cached instance of singleton bean &apos;org.springframework.aop.support.DefaultBeanFactoryPointcutAdvisor#0&apos;
2014-08-09 17:35:21 DEBUG org.springframework.jdbc.datasource.DataSourceTransactionManager  - Creating new transaction with name [com.ztyj6.fs.service.impl.PostServiceImpl.save]: PROPAGATION_REQUIRED,ISOLATION_DEFAULT
DEBUG [main] - Creating new transaction with name [com.ztyj6.fs.service.impl.PostServiceImpl.save]: PROPAGATION_REQUIRED,ISOLATION_DEFAULT
2014-08-09 17:35:21 DEBUG org.springframework.jdbc.datasource.DataSourceTransactionManager  - Acquired Connection [com.alibaba.druid.proxy.jdbc.ConnectionProxyImpl@4da4c2] for JDBC transaction
DEBUG [main] - Acquired Connection [com.alibaba.druid.proxy.jdbc.ConnectionProxyImpl@4da4c2] for JDBC transaction
2014-08-09 17:35:21 DEBUG org.springframework.jdbc.datasource.DataSourceTransactionManager  - Switching JDBC Connection [com.alibaba.druid.proxy.jdbc.ConnectionProxyImpl@4da4c2] to manual commit
DEBUG [main] - Switching JDBC Connection [com.alibaba.druid.proxy.jdbc.ConnectionProxyImpl@4da4c2] to manual commit
2014-08-09 17:35:21 DEBUG org.mybatis.spring.SqlSessionUtils  - Creating a new SqlSession
DEBUG [main] - Creating a new SqlSession
2014-08-09 17:35:21 DEBUG org.mybatis.spring.SqlSessionUtils  - Registering transaction synchronization for SqlSession [org.apache.ibatis.session.defaults.DefaultSqlSession@bd33ec]
DEBUG [main] - Registering transaction synchronization for SqlSession [org.apache.ibatis.session.defaults.DefaultSqlSession@bd33ec]
2014-08-09 17:35:21 DEBUG org.mybatis.spring.transaction.SpringManagedTransaction  - JDBC Connection [com.alibaba.druid.proxy.jdbc.ConnectionProxyImpl@4da4c2] will be managed by Spring
DEBUG [main] - JDBC Connection [com.alibaba.druid.proxy.jdbc.ConnectionProxyImpl@4da4c2] will be managed by Spring
2014-08-09 17:35:21 DEBUG com.ztyj6.fs.dao.PostMapper.insert  - ==&gt;  Preparing: insert into Post (Id, Name) values (?, ?) 
DEBUG [main] - ==&gt;  Preparing: insert into Post (Id, Name) values (?, ?) 
2014-08-09 17:35:21 DEBUG com.ztyj6.fs.dao.PostMapper.insert  - ==&gt; Parameters: 100(Integer), ��ͨԱ��(String)
DEBUG [main] - ==&gt; Parameters: 100(Integer), ��ͨԱ��(String)
2014-08-09 17:35:21 DEBUG com.alibaba.druid.pool.PreparedStatementPool  - {conn-10001, pstmt-20006} enter cache
DEBUG [main] - {conn-10001, pstmt-20006} enter cache
2014-08-09 17:35:21 DEBUG org.mybatis.spring.SqlSessionUtils  - Releasing transactional SqlSession [org.apache.ibatis.session.defaults.DefaultSqlSession@bd33ec]
DEBUG [main] - Releasing transactional SqlSession [org.apache.ibatis.session.defaults.DefaultSqlSession@bd33ec]
2014-08-09 17:35:21 DEBUG org.springframework.core.env.StandardEnvironment  - Adding [systemProperties] PropertySource with lowest search precedence
DEBUG [main] - Adding [systemProperties] PropertySource with lowest search precedence
2014-08-09 17:35:21 DEBUG org.springframework.core.env.StandardEnvironment  - Adding [systemEnvironment] PropertySource with lowest search precedence
DEBUG [main] - Adding [systemEnvironment] PropertySource with lowest search precedence
2014-08-09 17:35:21 DEBUG org.springframework.core.env.StandardEnvironment  - Initialized StandardEnvironment with PropertySources [systemProperties,systemEnvironment]
DEBUG [main] - Initialized StandardEnvironment with PropertySources [systemProperties,systemEnvironment]
2014-08-09 17:35:21 INFO  org.springframework.beans.factory.xml.XmlBeanDefinitionReader  - Loading XML bean definitions from class path resource [org/springframework/jdbc/support/sql-error-codes.xml]
 INFO [main] - Loading XML bean definitions from class path resource [org/springframework/jdbc/support/sql-error-codes.xml]
2014-08-09 17:35:21 DEBUG org.springframework.beans.factory.xml.DefaultDocumentLoader  - Using JAXP provider [com.sun.org.apache.xerces.internal.jaxp.DocumentBuilderFactoryImpl]
DEBUG [main] - Using JAXP provider [com.sun.org.apache.xerces.internal.jaxp.DocumentBuilderFactoryImpl]
2014-08-09 17:35:21 DEBUG org.springframework.beans.factory.xml.BeansDtdResolver  - Found beans DTD [http://www.springframework.org/dtd/spring-beans-2.0.dtd] in classpath: spring-beans-2.0.dtd
DEBUG [main] - Found beans DTD [http://www.springframework.org/dtd/spring-beans-2.0.dtd] in classpath: spring-beans-2.0.dtd
2014-08-09 17:35:21 DEBUG org.springframework.beans.factory.xml.DefaultBeanDefinitionDocumentReader  - Loading bean definitions
DEBUG [main] - Loading bean definitions
2014-08-09 17:35:21 DEBUG org.springframework.beans.factory.support.DefaultListableBeanFactory  - Creating shared instance of singleton bean &apos;DB2&apos;
DEBUG [main] - Creating shared instance of singleton bean &apos;DB2&apos;
2014-08-09 17:35:21 DEBUG org.springframework.beans.factory.support.DefaultListableBeanFactory  - Creating instance of bean &apos;DB2&apos;
DEBUG [main] - Creating instance of bean &apos;DB2&apos;
2014-08-09 17:35:21 DEBUG org.springframework.beans.factory.support.DefaultListableBeanFactory  - Eagerly caching bean &apos;DB2&apos; to allow for resolving potential circular references
DEBUG [main] - Eagerly caching bean &apos;DB2&apos; to allow for resolving potential circular references
2014-08-09 17:35:21 DEBUG org.springframework.beans.factory.support.DefaultListableBeanFactory  - Finished creating instance of bean &apos;DB2&apos;
DEBUG [main] - Finished creating instance of bean &apos;DB2&apos;
2014-08-09 17:35:21 DEBUG org.springframework.beans.factory.support.DefaultListableBeanFactory  - Creating shared instance of singleton bean &apos;Derby&apos;
DEBUG [main] - Creating shared instance of singleton bean &apos;Derby&apos;
2014-08-09 17:35:21 DEBUG org.springframework.beans.factory.support.DefaultListableBeanFactory  - Creating instance of bean &apos;Derby&apos;
DEBUG [main] - Creating instance of bean &apos;Derby&apos;
2014-08-09 17:35:21 DEBUG org.springframework.beans.factory.support.DefaultListableBeanFactory  - Eagerly caching bean &apos;Derby&apos; to allow for resolving potential circular references
DEBUG [main] - Eagerly caching bean &apos;Derby&apos; to allow for resolving potential circular references
2014-08-09 17:35:21 DEBUG org.springframework.beans.factory.support.DefaultListableBeanFactory  - Finished creating instance of bean &apos;Derby&apos;
DEBUG [main] - Finished creating instance of bean &apos;Derby&apos;
2014-08-09 17:35:21 DEBUG org.springframework.beans.factory.support.DefaultListableBeanFactory  - Creating shared instance of singleton bean &apos;H2&apos;
DEBUG [main] - Creating shared instance of singleton bean &apos;H2&apos;
2014-08-09 17:35:21 DEBUG org.springframework.beans.factory.support.DefaultListableBeanFactory  - Creating instance of bean &apos;H2&apos;
DEBUG [main] - Creating instance of bean &apos;H2&apos;
2014-08-09 17:35:21 DEBUG org.springframework.beans.factory.support.DefaultListableBeanFactory  - Eagerly caching bean &apos;H2&apos; to allow for resolving potential circular references
DEBUG [main] - Eagerly caching bean &apos;H2&apos; to allow for resolving potential circular references
2014-08-09 17:35:21 DEBUG org.springframework.beans.factory.support.DefaultListableBeanFactory  - Finished creating instance of bean &apos;H2&apos;
DEBUG [main] - Finished creating instance of bean &apos;H2&apos;
2014-08-09 17:35:21 DEBUG org.springframework.beans.factory.support.DefaultListableBeanFactory  - Creating shared instance of singleton bean &apos;HSQL&apos;
DEBUG [main] - Creating shared instance of singleton bean &apos;HSQL&apos;
2014-08-09 17:35:21 DEBUG org.springframework.beans.factory.support.DefaultListableBeanFactory  - Creating instance of bean &apos;HSQL&apos;
DEBUG [main] - Creating instance of bean &apos;HSQL&apos;
2014-08-09 17:35:21 DEBUG org.springframework.beans.factory.support.DefaultListableBeanFactory  - Eagerly caching bean &apos;HSQL&apos; to allow for resolving potential circular references
DEBUG [main] - Eagerly caching bean &apos;HSQL&apos; to allow for resolving potential circular references
2014-08-09 17:35:21 DEBUG org.springframework.beans.factory.support.DefaultListableBeanFactory  - Finished creating instance of bean &apos;HSQL&apos;
DEBUG [main] - Finished creating instance of bean &apos;HSQL&apos;
2014-08-09 17:35:21 DEBUG org.springframework.beans.factory.support.DefaultListableBeanFactory  - Creating shared instance of singleton bean &apos;Informix&apos;
DEBUG [main] - Creating shared instance of singleton bean &apos;Informix&apos;
2014-08-09 17:35:21 DEBUG org.springframework.beans.factory.support.DefaultListableBeanFactory  - Creating instance of bean &apos;Informix&apos;
DEBUG [main] - Creating instance of bean &apos;Informix&apos;
2014-08-09 17:35:21 DEBUG org.springframework.beans.factory.support.DefaultListableBeanFactory  - Eagerly caching bean &apos;Informix&apos; to allow for resolving potential circular references
DEBUG [main] - Eagerly caching bean &apos;Informix&apos; to allow for resolving potential circular references
2014-08-09 17:35:21 DEBUG org.springframework.beans.factory.support.DefaultListableBeanFactory  - Finished creating instance of bean &apos;Informix&apos;
DEBUG [main] - Finished creating instance of bean &apos;Informix&apos;
2014-08-09 17:35:21 DEBUG org.springframework.beans.factory.support.DefaultListableBeanFactory  - Creating shared instance of singleton bean &apos;MS-SQL&apos;
DEBUG [main] - Creating shared instance of singleton bean &apos;MS-SQL&apos;
2014-08-09 17:35:21 DEBUG org.springframework.beans.factory.support.DefaultListableBeanFactory  - Creating instance of bean &apos;MS-SQL&apos;
DEBUG [main] - Creating instance of bean &apos;MS-SQL&apos;
2014-08-09 17:35:21 DEBUG org.springframework.beans.factory.support.DefaultListableBeanFactory  - Eagerly caching bean &apos;MS-SQL&apos; to allow for resolving potential circular references
DEBUG [main] - Eagerly caching bean &apos;MS-SQL&apos; to allow for resolving potential circular references
2014-08-09 17:35:21 DEBUG org.springframework.beans.factory.support.DefaultListableBeanFactory  - Finished creating instance of bean &apos;MS-SQL&apos;
DEBUG [main] - Finished creating instance of bean &apos;MS-SQL&apos;
2014-08-09 17:35:21 DEBUG org.springframework.beans.factory.support.DefaultListableBeanFactory  - Creating shared instance of singleton bean &apos;MySQL&apos;
DEBUG [main] - Creating shared instance of singleton bean &apos;MySQL&apos;
2014-08-09 17:35:21 DEBUG org.springframework.beans.factory.support.DefaultListableBeanFactory  - Creating instance of bean &apos;MySQL&apos;
DEBUG [main] - Creating instance of bean &apos;MySQL&apos;
2014-08-09 17:35:21 DEBUG org.springframework.beans.factory.support.DefaultListableBeanFactory  - Eagerly caching bean &apos;MySQL&apos; to allow for resolving potential circular references
DEBUG [main] - Eagerly caching bean &apos;MySQL&apos; to allow for resolving potential circular references
2014-08-09 17:35:21 DEBUG org.springframework.beans.factory.support.DefaultListableBeanFactory  - Finished creating instance of bean &apos;MySQL&apos;
DEBUG [main] - Finished creating instance of bean &apos;MySQL&apos;
2014-08-09 17:35:21 DEBUG org.springframework.beans.factory.support.DefaultListableBeanFactory  - Creating shared instance of singleton bean &apos;Oracle&apos;
DEBUG [main] - Creating shared instance of singleton bean &apos;Oracle&apos;
2014-08-09 17:35:21 DEBUG org.springframework.beans.factory.support.DefaultListableBeanFactory  - Creating instance of bean &apos;Oracle&apos;
DEBUG [main] - Creating instance of bean &apos;Oracle&apos;
2014-08-09 17:35:21 DEBUG org.springframework.beans.factory.support.DefaultListableBeanFactory  - Eagerly caching bean &apos;Oracle&apos; to allow for resolving potential circular references
DEBUG [main] - Eagerly caching bean &apos;Oracle&apos; to allow for resolving potential circular references
2014-08-09 17:35:21 DEBUG org.springframework.beans.factory.support.DefaultListableBeanFactory  - Finished creating instance of bean &apos;Oracle&apos;
DEBUG [main] - Finished creating instance of bean &apos;Oracle&apos;
2014-08-09 17:35:21 DEBUG org.springframework.beans.factory.support.DefaultListableBeanFactory  - Creating shared instance of singleton bean &apos;PostgreSQL&apos;
DEBUG [main] - Creating shared instance of singleton bean &apos;PostgreSQL&apos;
2014-08-09 17:35:21 DEBUG org.springframework.beans.factory.support.DefaultListableBeanFactory  - Creating instance of bean &apos;PostgreSQL&apos;
DEBUG [main] - Creating instance of bean &apos;PostgreSQL&apos;
2014-08-09 17:35:21 DEBUG org.springframework.beans.factory.support.DefaultListableBeanFactory  - Eagerly caching bean &apos;PostgreSQL&apos; to allow for resolving potential circular references
DEBUG [main] - Eagerly caching bean &apos;PostgreSQL&apos; to allow for resolving potential circular references
2014-08-09 17:35:21 DEBUG org.springframework.beans.factory.support.DefaultListableBeanFactory  - Finished creating instance of bean &apos;PostgreSQL&apos;
DEBUG [main] - Finished creating instance of bean &apos;PostgreSQL&apos;
2014-08-09 17:35:21 DEBUG org.springframework.beans.factory.support.DefaultListableBeanFactory  - Creating shared instance of singleton bean &apos;Sybase&apos;
DEBUG [main] - Creating shared instance of singleton bean &apos;Sybase&apos;
2014-08-09 17:35:21 DEBUG org.springframework.beans.factory.support.DefaultListableBeanFactory  - Creating instance of bean &apos;Sybase&apos;
DEBUG [main] - Creating instance of bean &apos;Sybase&apos;
2014-08-09 17:35:21 DEBUG org.springframework.beans.factory.support.DefaultListableBeanFactory  - Eagerly caching bean &apos;Sybase&apos; to allow for resolving potential circular references
DEBUG [main] - Eagerly caching bean &apos;Sybase&apos; to allow for resolving potential circular references
2014-08-09 17:35:21 DEBUG org.springframework.beans.factory.support.DefaultListableBeanFactory  - Finished creating instance of bean &apos;Sybase&apos;
DEBUG [main] - Finished creating instance of bean &apos;Sybase&apos;
2014-08-09 17:35:21 INFO  org.springframework.jdbc.support.SQLErrorCodesFactory  - SQLErrorCodes loaded: [DB2, Derby, H2, HSQL, Informix, MS-SQL, MySQL, Oracle, PostgreSQL, Sybase]
 INFO [main] - SQLErrorCodes loaded: [DB2, Derby, H2, HSQL, Informix, MS-SQL, MySQL, Oracle, PostgreSQL, Sybase]
2014-08-09 17:35:21 DEBUG org.springframework.jdbc.support.SQLErrorCodesFactory  - Looking up default SQLErrorCodes for DataSource [{
	CreateTime:&quot;2014-08-09 17:35:17&quot;,
	ActiveCount:1,
	PoolingCount:0,
	CreateCount:0,
	DestroyCount:0,
	CloseCount:7,
	ConnectCount:8,
	Connections:[
	]
}

[
]]
DEBUG [main] - Looking up default SQLErrorCodes for DataSource [{
	CreateTime:&quot;2014-08-09 17:35:17&quot;,
	ActiveCount:1,
	PoolingCount:0,
	CreateCount:0,
	DestroyCount:0,
	CloseCount:7,
	ConnectCount:8,
	Connections:[
	]
}

[
]]
2014-08-09 17:35:21 DEBUG org.springframework.jdbc.support.SQLErrorCodesFactory  - Database product name cached for DataSource [com.alibaba.druid.pool.DruidDataSource@629814]: name is &apos;MySQL&apos;
DEBUG [main] - Database product name cached for DataSource [com.alibaba.druid.pool.DruidDataSource@629814]: name is &apos;MySQL&apos;
2014-08-09 17:35:21 DEBUG org.springframework.jdbc.support.SQLErrorCodesFactory  - SQL error codes for &apos;MySQL&apos; found
DEBUG [main] - SQL error codes for &apos;MySQL&apos; found
2014-08-09 17:35:21 DEBUG org.springframework.jdbc.support.SQLErrorCodeSQLExceptionTranslator  - Translating SQLException with SQL state &apos;23000&apos;, error code &apos;1062&apos;, message [Duplicate entry &apos;100&apos; for key 1]; SQL was [] for task [
### Error updating database.  Cause: com.mysql.jdbc.exceptions.jdbc4.MySQLIntegrityConstraintViolationException: Duplicate entry &apos;100&apos; for key 1
### The error may involve com.ztyj6.fs.dao.PostMapper.insert-Inline
### The error occurred while setting parameters
### SQL: insert into Post (Id, Name)   values (?, ?)
### Cause: com.mysql.jdbc.exceptions.jdbc4.MySQLIntegrityConstraintViolationException: Duplicate entry &apos;100&apos; for key 1
]
DEBUG [main] - Translating SQLException with SQL state &apos;23000&apos;, error code &apos;1062&apos;, message [Duplicate entry &apos;100&apos; for key 1]; SQL was [] for task [
### Error updating database.  Cause: com.mysql.jdbc.exceptions.jdbc4.MySQLIntegrityConstraintViolationException: Duplicate entry &apos;100&apos; for key 1
### The error may involve com.ztyj6.fs.dao.PostMapper.insert-Inline
### The error occurred while setting parameters
### SQL: insert into Post (Id, Name)   values (?, ?)
### Cause: com.mysql.jdbc.exceptions.jdbc4.MySQLIntegrityConstraintViolationException: Duplicate entry &apos;100&apos; for key 1
]
2014-08-09 17:35:21 DEBUG org.mybatis.spring.SqlSessionUtils  - Transaction synchronization deregistering SqlSession [org.apache.ibatis.session.defaults.DefaultSqlSession@bd33ec]
DEBUG [main] - Transaction synchronization deregistering SqlSession [org.apache.ibatis.session.defaults.DefaultSqlSession@bd33ec]
2014-08-09 17:35:21 DEBUG org.mybatis.spring.SqlSessionUtils  - Transaction synchronization closing SqlSession [org.apache.ibatis.session.defaults.DefaultSqlSession@bd33ec]
DEBUG [main] - Transaction synchronization closing SqlSession [org.apache.ibatis.session.defaults.DefaultSqlSession@bd33ec]
2014-08-09 17:35:21 DEBUG org.springframework.jdbc.datasource.DataSourceTransactionManager  - Initiating transaction rollback
DEBUG [main] - Initiating transaction rollback
2014-08-09 17:35:21 DEBUG org.springframework.jdbc.datasource.DataSourceTransactionManager  - Rolling back JDBC transaction on Connection [com.alibaba.druid.proxy.jdbc.ConnectionProxyImpl@4da4c2]
DEBUG [main] - Rolling back JDBC transaction on Connection [com.alibaba.druid.proxy.jdbc.ConnectionProxyImpl@4da4c2]
2014-08-09 17:35:21 DEBUG org.springframework.jdbc.datasource.DataSourceTransactionManager  - Releasing JDBC Connection [com.alibaba.druid.proxy.jdbc.ConnectionProxyImpl@4da4c2] after transaction
DEBUG [main] - Releasing JDBC Connection [com.alibaba.druid.proxy.jdbc.ConnectionProxyImpl@4da4c2] after transaction
2014-08-09 17:35:21 DEBUG org.springframework.jdbc.datasource.DataSourceUtils  - Returning JDBC Connection to DataSource
DEBUG [main] - Returning JDBC Connection to DataSource
2014-08-09 17:35:21 DEBUG org.springframework.test.context.support.DirtiesContextTestExecutionListener  - After test method: context [DefaultTestContext@1bea571 testClass = PostTest, testInstance = test.post.PostTest@15fb113, testMethod = addTset@PostTest, testException = org.springframework.dao.DuplicateKeyException: 
### Error updating database.  Cause: com.mysql.jdbc.exceptions.jdbc4.MySQLIntegrityConstraintViolationException: Duplicate entry &apos;100&apos; for key 1
### The error may involve com.ztyj6.fs.dao.PostMapper.insert-Inline
### The error occurred while setting parameters
### SQL: insert into Post (Id, Name)   values (?, ?)
### Cause: com.mysql.jdbc.exceptions.jdbc4.MySQLIntegrityConstraintViolationException: Duplicate entry &apos;100&apos; for key 1
; SQL []; Duplicate entry &apos;100&apos; for key 1; nested exception is com.mysql.jdbc.exceptions.jdbc4.MySQLIntegrityConstraintViolationException: Duplicate entry &apos;100&apos; for key 1, mergedContextConfiguration = [MergedContextConfiguration@1625a2d testClass = PostTest, locations = &apos;{classpath:spring-security.xml, classpath:spring.xml, classpath:spring-ehcache.xml, classpath:spring-mybatis.xml}&apos;, classes = &apos;{}&apos;, contextInitializerClasses = &apos;[]&apos;, activeProfiles = &apos;{}&apos;, contextLoader = &apos;org.springframework.test.context.support.DelegatingSmartContextLoader&apos;, parent = [null]]], class dirties context [false], class mode [null], method dirties context [false].
DEBUG [main] - After test method: context [DefaultTestContext@1bea571 testClass = PostTest, testInstance = test.post.PostTest@15fb113, testMethod = addTset@PostTest, testException = org.springframework.dao.DuplicateKeyException: 
### Error updating database.  Cause: com.mysql.jdbc.exceptions.jdbc4.MySQLIntegrityConstraintViolationException: Duplicate entry &apos;100&apos; for key 1
### The error may involve com.ztyj6.fs.dao.PostMapper.insert-Inline
### The error occurred while setting parameters
### SQL: insert into Post (Id, Name)   values (?, ?)
### Cause: com.mysql.jdbc.exceptions.jdbc4.MySQLIntegrityConstraintViolationException: Duplicate entry &apos;100&apos; for key 1
; SQL []; Duplicate entry &apos;100&apos; for key 1; nested exception is com.mysql.jdbc.exceptions.jdbc4.MySQLIntegrityConstraintViolationException: Duplicate entry &apos;100&apos; for key 1, mergedContextConfiguration = [MergedContextConfiguration@1625a2d testClass = PostTest, locations = &apos;{classpath:spring-security.xml, classpath:spring.xml, classpath:spring-ehcache.xml, classpath:spring-mybatis.xml}&apos;, classes = &apos;{}&apos;, contextInitializerClasses = &apos;[]&apos;, activeProfiles = &apos;{}&apos;, contextLoader = &apos;org.springframework.test.context.support.DelegatingSmartContextLoader&apos;, parent = [null]]], class dirties context [false], class mode [null], method dirties context [false].
</system-out>
  </testcase>
  <testcase time="0.357" classname="test.post.PostTest" name="testGetAllPost"/>
  <testcase time="0.173" classname="test.post.PostTest" name="testIsExist"/>
</testsuite>